{
  "C:\\Users\\MaxikFunnyCat\\Desktop\\stellar-burgers\\src\\index.tsx": {
    "path": "C:\\Users\\MaxikFunnyCat\\Desktop\\stellar-burgers\\src\\index.tsx",
    "statementMap": {
      "0": {
        "start": { "line": 1, "column": 0 },
        "end": { "line": 1, "column": 46 }
      },
      "1": {
        "start": { "line": 2, "column": 0 },
        "end": { "line": 2, "column": 39 }
      },
      "2": {
        "start": { "line": 3, "column": 0 },
        "end": { "line": 3, "column": 49 }
      },
      "3": {
        "start": { "line": 4, "column": 0 },
        "end": { "line": 4, "column": 39 }
      },
      "4": {
        "start": { "line": 5, "column": 0 },
        "end": { "line": 5, "column": 41 }
      },
      "5": {
        "start": { "line": 6, "column": 0 },
        "end": { "line": 6, "column": 21 }
      },
      "6": {
        "start": { "line": 8, "column": 18 },
        "end": { "line": 8, "column": 49 }
      },
      "7": {
        "start": { "line": 9, "column": 0 },
        "end": { "line": 9, "column": 76 }
      },
      "8": {
        "start": { "line": 9, "column": 16 },
        "end": { "line": 9, "column": 76 }
      },
      "9": {
        "start": { "line": 11, "column": 13 },
        "end": { "line": 11, "column": 34 }
      },
      "10": {
        "start": { "line": 13, "column": 0 },
        "end": { "line": 19, "column": 2 }
      }
    },
    "fnMap": {},
    "branchMap": {
      "0": {
        "loc": {
          "start": { "line": 9, "column": 0 },
          "end": { "line": 9, "column": 76 }
        },
        "type": "if",
        "locations": [
          {
            "start": { "line": 9, "column": 0 },
            "end": { "line": 9, "column": 76 }
          }
        ]
      }
    },
    "s": {
      "0": 0,
      "1": 0,
      "2": 0,
      "3": 0,
      "4": 0,
      "5": 0,
      "6": 0,
      "7": 0,
      "8": 0,
      "9": 0,
      "10": 0
    },
    "f": {},
    "b": { "0": [0] }
  },
  "C:\\Users\\MaxikFunnyCat\\Desktop\\stellar-burgers\\src\\styles.d.ts": {
    "path": "C:\\Users\\MaxikFunnyCat\\Desktop\\stellar-burgers\\src\\styles.d.ts",
    "statementMap": {},
    "fnMap": {},
    "branchMap": {},
    "s": {},
    "f": {},
    "b": {}
  },
  "C:\\Users\\MaxikFunnyCat\\Desktop\\stellar-burgers\\src\\svg.d.ts": {
    "path": "C:\\Users\\MaxikFunnyCat\\Desktop\\stellar-burgers\\src\\svg.d.ts",
    "statementMap": {},
    "fnMap": {},
    "branchMap": {},
    "s": {},
    "f": {},
    "b": {}
  },
  "C:\\Users\\MaxikFunnyCat\\Desktop\\stellar-burgers\\src\\components\\app\\app.tsx": {
    "path": "C:\\Users\\MaxikFunnyCat\\Desktop\\stellar-burgers\\src\\components\\app\\app.tsx",
    "statementMap": {
      "0": {
        "start": { "line": 1, "column": 0 },
        "end": { "line": 1, "column": 34 }
      },
      "1": {
        "start": { "line": 2, "column": 0 },
        "end": { "line": 2, "column": null }
      },
      "2": {
        "start": { "line": 10, "column": 0 },
        "end": { "line": 10, "column": 63 }
      },
      "3": {
        "start": { "line": 11, "column": 0 },
        "end": { "line": 11, "column": 40 }
      },
      "4": {
        "start": { "line": 12, "column": 0 },
        "end": { "line": 12, "column": 42 }
      },
      "5": {
        "start": { "line": 13, "column": 0 },
        "end": { "line": 13, "column": 48 }
      },
      "6": {
        "start": { "line": 14, "column": 0 },
        "end": { "line": 14, "column": 53 }
      },
      "7": {
        "start": { "line": 15, "column": 0 },
        "end": { "line": 15, "column": 61 }
      },
      "8": {
        "start": { "line": 16, "column": 0 },
        "end": { "line": 16, "column": 59 }
      },
      "9": {
        "start": { "line": 17, "column": 0 },
        "end": { "line": 17, "column": 46 }
      },
      "10": {
        "start": { "line": 18, "column": 0 },
        "end": { "line": 18, "column": 59 }
      },
      "11": {
        "start": { "line": 19, "column": 0 },
        "end": { "line": 19, "column": 56 }
      },
      "12": {
        "start": { "line": 20, "column": 0 },
        "end": { "line": 20, "column": 77 }
      },
      "13": {
        "start": { "line": 21, "column": 0 },
        "end": { "line": 21, "column": 53 }
      },
      "14": {
        "start": { "line": 22, "column": 0 },
        "end": { "line": 22, "column": 39 }
      },
      "15": {
        "start": { "line": 23, "column": 0 },
        "end": { "line": 23, "column": 68 }
      },
      "16": {
        "start": { "line": 25, "column": 0 },
        "end": { "line": 25, "column": 70 }
      },
      "17": {
        "start": { "line": 26, "column": 0 },
        "end": { "line": 26, "column": 64 }
      },
      "18": {
        "start": { "line": 27, "column": 0 },
        "end": { "line": 27, "column": 74 }
      },
      "19": {
        "start": { "line": 29, "column": 20 },
        "end": { "line": 30, "column": 3 }
      },
      "20": {
        "start": { "line": 30, "column": 2 },
        "end": { "line": 32, "column": 35 }
      },
      "21": {
        "start": { "line": 35, "column": 19 },
        "end": { "line": 35, "column": 32 }
      },
      "22": {
        "start": { "line": 36, "column": 19 },
        "end": { "line": 36, "column": 32 }
      },
      "23": {
        "start": { "line": 37, "column": 19 },
        "end": { "line": 37, "column": 35 }
      },
      "24": {
        "start": { "line": 39, "column": 16 },
        "end": { "line": 39, "column": 58 }
      },
      "25": {
        "start": { "line": 39, "column": 38 },
        "end": { "line": 39, "column": 58 }
      },
      "26": {
        "start": { "line": 41, "column": 2 },
        "end": { "line": 46, "column": 17 }
      },
      "27": {
        "start": { "line": 42, "column": 4 },
        "end": { "line": 44, "column": 5 }
      },
      "28": {
        "start": { "line": 43, "column": 6 },
        "end": { "line": 43, "column": 35 }
      },
      "29": {
        "start": { "line": 45, "column": 4 },
        "end": { "line": 45, "column": 30 }
      },
      "30": {
        "start": { "line": 48, "column": 16 },
        "end": { "line": 48, "column": 71 }
      },
      "31": {
        "start": { "line": 50, "column": 4 },
        "end": { "line": 52, "column": 17 }
      },
      "32": {
        "start": { "line": 54, "column": 27 },
        "end": { "line": 67, "column": 3 }
      },
      "33": {
        "start": { "line": 55, "column": 4 },
        "end": { "line": 58, "column": 5 }
      },
      "34": {
        "start": { "line": 56, "column": 6 },
        "end": { "line": 56, "column": 48 }
      },
      "35": {
        "start": { "line": 56, "column": 34 },
        "end": { "line": 56, "column": 47 }
      },
      "36": {
        "start": { "line": 57, "column": 6 },
        "end": { "line": 57, "column": 13 }
      },
      "37": {
        "start": { "line": 59, "column": 14 },
        "end": { "line": 59, "column": 31 }
      },
      "38": {
        "start": { "line": 60, "column": 4 },
        "end": { "line": 66, "column": 5 }
      },
      "39": {
        "start": { "line": 61, "column": 6 },
        "end": { "line": 61, "column": 53 }
      },
      "40": {
        "start": { "line": 62, "column": 11 },
        "end": { "line": 66, "column": 5 }
      },
      "41": {
        "start": { "line": 63, "column": 6 },
        "end": { "line": 63, "column": 43 }
      },
      "42": {
        "start": { "line": 65, "column": 6 },
        "end": { "line": 65, "column": 39 }
      },
      "43": {
        "start": { "line": 69, "column": 2 },
        "end": { "line": 142, "column": 4 }
      },
      "44": {
        "start": { "line": 145, "column": 0 },
        "end": { "line": 145, "column": 19 }
      }
    },
    "fnMap": {
      "0": {
        "name": "(anonymous_0)",
        "decl": {
          "start": { "line": 29, "column": 20 },
          "end": { "line": 29, "column": 21 }
        },
        "loc": {
          "start": { "line": 29, "column": 30 },
          "end": { "line": 30, "column": 3 }
        }
      },
      "1": {
        "name": "App",
        "decl": {
          "start": { "line": 34, "column": 9 },
          "end": { "line": 34, "column": 12 }
        },
        "loc": {
          "start": { "line": 34, "column": 12 },
          "end": { "line": 143, "column": 1 }
        }
      },
      "2": {
        "name": "(anonymous_2)",
        "decl": {
          "start": { "line": 39, "column": 31 },
          "end": { "line": 39, "column": 32 }
        },
        "loc": {
          "start": { "line": 39, "column": 33 },
          "end": { "line": 39, "column": 39 }
        }
      },
      "3": {
        "name": "(anonymous_3)",
        "decl": {
          "start": { "line": 41, "column": 12 },
          "end": { "line": 41, "column": null }
        },
        "loc": {
          "start": { "line": 41, "column": 12 },
          "end": { "line": 46, "column": 3 }
        }
      },
      "4": {
        "name": "(anonymous_4)",
        "decl": {
          "start": { "line": 54, "column": 27 },
          "end": { "line": 54, "column": null }
        },
        "loc": {
          "start": { "line": 54, "column": 27 },
          "end": { "line": 67, "column": 3 }
        }
      },
      "5": {
        "name": "(anonymous_5)",
        "decl": {
          "start": { "line": 56, "column": 28 },
          "end": { "line": 56, "column": 34 }
        },
        "loc": {
          "start": { "line": 56, "column": 28 },
          "end": { "line": 56, "column": 42 }
        }
      }
    },
    "branchMap": {
      "0": {
        "loc": {
          "start": { "line": 30, "column": 2 },
          "end": { "line": 32, "column": 34 }
        },
        "type": "binary-expr",
        "locations": [
          {
            "start": { "line": 30, "column": 2 },
            "end": { "line": 30, "column": 31 }
          },
          {
            "start": { "line": 31, "column": 2 },
            "end": { "line": 31, "column": 24 }
          },
          {
            "start": { "line": 32, "column": 2 },
            "end": { "line": 32, "column": 34 }
          }
        ]
      },
      "1": {
        "loc": {
          "start": { "line": 42, "column": 4 },
          "end": { "line": 44, "column": 5 }
        },
        "type": "if",
        "locations": [
          {
            "start": { "line": 42, "column": 4 },
            "end": { "line": 44, "column": 5 }
          }
        ]
      },
      "2": {
        "loc": {
          "start": { "line": 50, "column": 4 },
          "end": { "line": 52, "column": 17 }
        },
        "type": "cond-expr",
        "locations": [
          {
            "start": { "line": 51, "column": 8 },
            "end": { "line": 51, "column": 24 }
          },
          {
            "start": { "line": 52, "column": 8 },
            "end": { "line": 52, "column": 17 }
          }
        ]
      },
      "3": {
        "loc": {
          "start": { "line": 50, "column": 4 },
          "end": { "line": 50, "column": 55 }
        },
        "type": "binary-expr",
        "locations": [
          {
            "start": { "line": 50, "column": 4 },
            "end": { "line": 50, "column": 21 }
          },
          {
            "start": { "line": 50, "column": 25 },
            "end": { "line": 50, "column": 55 }
          }
        ]
      },
      "4": {
        "loc": {
          "start": { "line": 50, "column": 4 },
          "end": { "line": 50, "column": 21 }
        },
        "type": "cond-expr",
        "locations": [
          {
            "start": { "line": 50, "column": 9 },
            "end": { "line": 50, "column": 11 }
          },
          {
            "start": { "line": 50, "column": 4 },
            "end": { "line": 50, "column": 21 }
          }
        ]
      },
      "5": {
        "loc": {
          "start": { "line": 50, "column": 4 },
          "end": { "line": 50, "column": 11 }
        },
        "type": "binary-expr",
        "locations": [
          {
            "start": { "line": 50, "column": 4 },
            "end": { "line": 50, "column": 11 }
          },
          {
            "start": { "line": 50, "column": 4 },
            "end": { "line": 50, "column": 11 }
          }
        ]
      },
      "6": {
        "loc": {
          "start": { "line": 55, "column": 4 },
          "end": { "line": 58, "column": 5 }
        },
        "type": "if",
        "locations": [
          {
            "start": { "line": 55, "column": 4 },
            "end": { "line": 58, "column": 5 }
          }
        ]
      },
      "7": {
        "loc": {
          "start": { "line": 60, "column": 4 },
          "end": { "line": 66, "column": 5 }
        },
        "type": "if",
        "locations": [
          {
            "start": { "line": 60, "column": 4 },
            "end": { "line": 66, "column": 5 }
          },
          {
            "start": { "line": 62, "column": 11 },
            "end": { "line": 66, "column": 5 }
          }
        ]
      },
      "8": {
        "loc": {
          "start": { "line": 62, "column": 11 },
          "end": { "line": 66, "column": 5 }
        },
        "type": "if",
        "locations": [
          {
            "start": { "line": 62, "column": 11 },
            "end": { "line": 66, "column": 5 }
          },
          {
            "start": { "line": 64, "column": 11 },
            "end": { "line": 66, "column": 5 }
          }
        ]
      },
      "9": {
        "loc": {
          "start": { "line": 72, "column": 24 },
          "end": { "line": 72, "column": 46 }
        },
        "type": "binary-expr",
        "locations": [
          {
            "start": { "line": 72, "column": 24 },
            "end": { "line": 72, "column": 34 }
          },
          {
            "start": { "line": 72, "column": 38 },
            "end": { "line": 72, "column": 46 }
          }
        ]
      },
      "10": {
        "loc": {
          "start": { "line": 109, "column": 7 },
          "end": { "line": 139, "column": null }
        },
        "type": "binary-expr",
        "locations": [
          {
            "start": { "line": 109, "column": 7 },
            "end": { "line": 109, "column": 17 }
          },
          {
            "start": { "line": 109, "column": 21 },
            "end": { "line": 109, "column": 51 }
          },
          {
            "start": { "line": 110, "column": 8 },
            "end": { "line": 138, "column": null }
          }
        ]
      }
    },
    "s": {
      "0": 0,
      "1": 0,
      "2": 0,
      "3": 0,
      "4": 0,
      "5": 0,
      "6": 0,
      "7": 0,
      "8": 0,
      "9": 0,
      "10": 0,
      "11": 0,
      "12": 0,
      "13": 0,
      "14": 0,
      "15": 0,
      "16": 0,
      "17": 0,
      "18": 0,
      "19": 0,
      "20": 0,
      "21": 0,
      "22": 0,
      "23": 0,
      "24": 0,
      "25": 0,
      "26": 0,
      "27": 0,
      "28": 0,
      "29": 0,
      "30": 0,
      "31": 0,
      "32": 0,
      "33": 0,
      "34": 0,
      "35": 0,
      "36": 0,
      "37": 0,
      "38": 0,
      "39": 0,
      "40": 0,
      "41": 0,
      "42": 0,
      "43": 0,
      "44": 0
    },
    "f": { "0": 0, "1": 0, "2": 0, "3": 0, "4": 0, "5": 0 },
    "b": {
      "0": [0, 0, 0],
      "1": [0],
      "2": [0, 0],
      "3": [0, 0],
      "4": [0, 0],
      "5": [0, 0],
      "6": [0],
      "7": [0, 0],
      "8": [0, 0],
      "9": [0, 0],
      "10": [0, 0, 0]
    }
  },
  "C:\\Users\\MaxikFunnyCat\\Desktop\\stellar-burgers\\src\\components\\app-header\\app-header.tsx": {
    "path": "C:\\Users\\MaxikFunnyCat\\Desktop\\stellar-burgers\\src\\components\\app-header\\app-header.tsx",
    "statementMap": {
      "0": {
        "start": { "line": 2, "column": 0 },
        "end": { "line": 2, "column": 60 }
      },
      "1": {
        "start": { "line": 3, "column": 0 },
        "end": { "line": 3, "column": 34 }
      },
      "2": {
        "start": { "line": 5, "column": 29 },
        "end": { "line": 22, "column": 1 }
      },
      "3": {
        "start": { "line": 6, "column": 19 },
        "end": { "line": 6, "column": 32 }
      },
      "4": {
        "start": { "line": 7, "column": 19 },
        "end": { "line": 7, "column": 32 }
      },
      "5": {
        "start": { "line": 9, "column": 33 },
        "end": { "line": 9, "column": 47 }
      },
      "6": {
        "start": { "line": 9, "column": 39 },
        "end": { "line": 9, "column": 53 }
      },
      "7": {
        "start": { "line": 10, "column": 26 },
        "end": { "line": 10, "column": 40 }
      },
      "8": {
        "start": { "line": 10, "column": 32 },
        "end": { "line": 10, "column": 50 }
      },
      "9": {
        "start": { "line": 11, "column": 29 },
        "end": { "line": 11, "column": 43 }
      },
      "10": {
        "start": { "line": 11, "column": 35 },
        "end": { "line": 11, "column": 56 }
      },
      "11": {
        "start": { "line": 13, "column": 2 },
        "end": { "line": 21, "column": 4 }
      },
      "12": {
        "start": { "line": 5, "column": 13 },
        "end": { "line": 5, "column": 29 }
      }
    },
    "fnMap": {
      "0": {
        "name": "(anonymous_0)",
        "decl": {
          "start": { "line": 5, "column": 29 },
          "end": { "line": 5, "column": null }
        },
        "loc": {
          "start": { "line": 5, "column": 29 },
          "end": { "line": 22, "column": 1 }
        }
      },
      "1": {
        "name": "(anonymous_1)",
        "decl": {
          "start": { "line": 9, "column": 33 },
          "end": { "line": 9, "column": 39 }
        },
        "loc": {
          "start": { "line": 9, "column": 33 },
          "end": { "line": 9, "column": 47 }
        }
      },
      "2": {
        "name": "(anonymous_2)",
        "decl": {
          "start": { "line": 10, "column": 26 },
          "end": { "line": 10, "column": 32 }
        },
        "loc": {
          "start": { "line": 10, "column": 26 },
          "end": { "line": 10, "column": 40 }
        }
      },
      "3": {
        "name": "(anonymous_3)",
        "decl": {
          "start": { "line": 11, "column": 29 },
          "end": { "line": 11, "column": 35 }
        },
        "loc": {
          "start": { "line": 11, "column": 29 },
          "end": { "line": 11, "column": 43 }
        }
      }
    },
    "branchMap": {},
    "s": {
      "0": 0,
      "1": 0,
      "2": 0,
      "3": 0,
      "4": 0,
      "5": 0,
      "6": 0,
      "7": 0,
      "8": 0,
      "9": 0,
      "10": 0,
      "11": 0,
      "12": 0
    },
    "f": { "0": 0, "1": 0, "2": 0, "3": 0 },
    "b": {}
  },
  "C:\\Users\\MaxikFunnyCat\\Desktop\\stellar-burgers\\src\\components\\burger-constructor\\burger-constructor.tsx": {
    "path": "C:\\Users\\MaxikFunnyCat\\Desktop\\stellar-burgers\\src\\components\\burger-constructor\\burger-constructor.tsx",
    "statementMap": {
      "0": {
        "start": { "line": 1, "column": 0 },
        "end": { "line": 1, "column": 36 }
      },
      "1": {
        "start": { "line": 2, "column": 0 },
        "end": { "line": 2, "column": 70 }
      },
      "2": {
        "start": { "line": 3, "column": 0 },
        "end": { "line": 3, "column": 63 }
      },
      "3": {
        "start": { "line": 4, "column": 0 },
        "end": { "line": 4, "column": 78 }
      },
      "4": {
        "start": { "line": 5, "column": 0 },
        "end": { "line": 5, "column": null }
      },
      "5": {
        "start": { "line": 10, "column": 0 },
        "end": { "line": 10, "column": 47 }
      },
      "6": {
        "start": { "line": 12, "column": 37 },
        "end": { "line": 75, "column": 1 }
      },
      "7": {
        "start": { "line": 13, "column": 19 },
        "end": { "line": 13, "column": 35 }
      },
      "8": {
        "start": { "line": 14, "column": 19 },
        "end": { "line": 14, "column": 32 }
      },
      "9": {
        "start": { "line": 16, "column": 27 },
        "end": { "line": 16, "column": 77 }
      },
      "10": {
        "start": { "line": 16, "column": 53 },
        "end": { "line": 16, "column": 77 }
      },
      "11": {
        "start": { "line": 17, "column": 23 },
        "end": { "line": 17, "column": 74 }
      },
      "12": {
        "start": { "line": 17, "column": 49 },
        "end": { "line": 17, "column": 74 }
      },
      "13": {
        "start": { "line": 18, "column": 25 },
        "end": { "line": 18, "column": 78 }
      },
      "14": {
        "start": { "line": 18, "column": 51 },
        "end": { "line": 18, "column": 78 }
      },
      "15": {
        "start": { "line": 19, "column": 15 },
        "end": { "line": 19, "column": 57 }
      },
      "16": {
        "start": { "line": 19, "column": 41 },
        "end": { "line": 19, "column": 57 }
      },
      "17": {
        "start": { "line": 21, "column": 16 },
        "end": { "line": 30, "column": 24 }
      },
      "18": {
        "start": { "line": 22, "column": 21 },
        "end": { "line": 22, "column": 79 }
      },
      "19": {
        "start": { "line": 23, "column": 29 },
        "end": { "line": 28, "column": 9 }
      },
      "20": {
        "start": { "line": 25, "column": 57 },
        "end": { "line": 25, "column": null }
      },
      "21": {
        "start": { "line": 29, "column": 4 },
        "end": { "line": 29, "column": 39 }
      },
      "22": {
        "start": { "line": 32, "column": 23 },
        "end": { "line": 49, "column": 3 }
      },
      "23": {
        "start": { "line": 33, "column": 4 },
        "end": { "line": 33, "column": 54 }
      },
      "24": {
        "start": { "line": 33, "column": 47 },
        "end": { "line": 33, "column": 54 }
      },
      "25": {
        "start": { "line": 35, "column": 4 },
        "end": { "line": 38, "column": 5 }
      },
      "26": {
        "start": { "line": 36, "column": 6 },
        "end": { "line": 36, "column": 51 }
      },
      "27": {
        "start": { "line": 37, "column": 6 },
        "end": { "line": 37, "column": 13 }
      },
      "28": {
        "start": { "line": 40, "column": 23 },
        "end": { "line": 46, "column": 6 }
      },
      "29": {
        "start": { "line": 43, "column": 42 },
        "end": { "line": 43, "column": null }
      },
      "30": {
        "start": { "line": 48, "column": 4 },
        "end": { "line": 48, "column": 39 }
      },
      "31": {
        "start": { "line": 51, "column": 27 },
        "end": { "line": 53, "column": 3 }
      },
      "32": {
        "start": { "line": 52, "column": 4 },
        "end": { "line": 52, "column": 32 }
      },
      "33": {
        "start": { "line": 55, "column": 33 },
        "end": { "line": 57, "column": 3 }
      },
      "34": {
        "start": { "line": 56, "column": 4 },
        "end": { "line": 56, "column": 37 }
      },
      "35": {
        "start": { "line": 59, "column": 31 },
        "end": { "line": 61, "column": 3 }
      },
      "36": {
        "start": { "line": 60, "column": 4 },
        "end": { "line": 60, "column": 53 }
      },
      "37": {
        "start": { "line": 63, "column": 2 },
        "end": { "line": 74, "column": 4 }
      },
      "38": {
        "start": { "line": 12, "column": 13 },
        "end": { "line": 12, "column": 37 }
      }
    },
    "fnMap": {
      "0": {
        "name": "(anonymous_1)",
        "decl": {
          "start": { "line": 12, "column": 37 },
          "end": { "line": 12, "column": null }
        },
        "loc": {
          "start": { "line": 12, "column": 37 },
          "end": { "line": 75, "column": 1 }
        }
      },
      "1": {
        "name": "(anonymous_2)",
        "decl": {
          "start": { "line": 16, "column": 42 },
          "end": { "line": 16, "column": 43 }
        },
        "loc": {
          "start": { "line": 16, "column": 48 },
          "end": { "line": 16, "column": 58 }
        }
      },
      "2": {
        "name": "(anonymous_3)",
        "decl": {
          "start": { "line": 17, "column": 38 },
          "end": { "line": 17, "column": 39 }
        },
        "loc": {
          "start": { "line": 17, "column": 44 },
          "end": { "line": 17, "column": 54 }
        }
      },
      "3": {
        "name": "(anonymous_4)",
        "decl": {
          "start": { "line": 18, "column": 40 },
          "end": { "line": 18, "column": 41 }
        },
        "loc": {
          "start": { "line": 18, "column": 46 },
          "end": { "line": 18, "column": 56 }
        }
      },
      "4": {
        "name": "(anonymous_5)",
        "decl": {
          "start": { "line": 19, "column": 30 },
          "end": { "line": 19, "column": 31 }
        },
        "loc": {
          "start": { "line": 19, "column": 36 },
          "end": { "line": 19, "column": 46 }
        }
      },
      "5": {
        "name": "(anonymous_6)",
        "decl": {
          "start": { "line": 21, "column": 24 },
          "end": { "line": 21, "column": null }
        },
        "loc": {
          "start": { "line": 21, "column": 24 },
          "end": { "line": 30, "column": 3 }
        }
      },
      "6": {
        "name": "(anonymous_7)",
        "decl": {
          "start": { "line": 25, "column": 10 },
          "end": { "line": 25, "column": 11 }
        },
        "loc": {
          "start": { "line": 25, "column": 52 },
          "end": { "line": 25, "column": 60 }
        }
      },
      "7": {
        "name": "(anonymous_8)",
        "decl": {
          "start": { "line": 32, "column": 23 },
          "end": { "line": 32, "column": null }
        },
        "loc": {
          "start": { "line": 32, "column": 23 },
          "end": { "line": 49, "column": 3 }
        }
      },
      "8": {
        "name": "(anonymous_9)",
        "decl": {
          "start": { "line": 43, "column": 8 },
          "end": { "line": 43, "column": 9 }
        },
        "loc": {
          "start": { "line": 43, "column": 37 },
          "end": { "line": 43, "column": 46 }
        }
      },
      "9": {
        "name": "(anonymous_10)",
        "decl": {
          "start": { "line": 51, "column": 27 },
          "end": { "line": 51, "column": null }
        },
        "loc": {
          "start": { "line": 51, "column": 27 },
          "end": { "line": 53, "column": 3 }
        }
      },
      "10": {
        "name": "(anonymous_11)",
        "decl": {
          "start": { "line": 55, "column": 33 },
          "end": { "line": 55, "column": 34 }
        },
        "loc": {
          "start": { "line": 55, "column": 46 },
          "end": { "line": 57, "column": 3 }
        }
      },
      "11": {
        "name": "(anonymous_12)",
        "decl": {
          "start": { "line": 59, "column": 31 },
          "end": { "line": 59, "column": 32 }
        },
        "loc": {
          "start": { "line": 59, "column": 66 },
          "end": { "line": 61, "column": 3 }
        }
      }
    },
    "branchMap": {
      "0": {
        "loc": {
          "start": { "line": 22, "column": 21 },
          "end": { "line": 22, "column": 79 }
        },
        "type": "cond-expr",
        "locations": [
          {
            "start": { "line": 22, "column": 45 },
            "end": { "line": 22, "column": 75 }
          },
          {
            "start": { "line": 22, "column": 78 },
            "end": { "line": 22, "column": 79 }
          }
        ]
      },
      "1": {
        "loc": {
          "start": { "line": 22, "column": 21 },
          "end": { "line": 22, "column": 42 }
        },
        "type": "cond-expr",
        "locations": [
          {
            "start": { "line": 22, "column": 37 },
            "end": { "line": 22, "column": 39 }
          },
          {
            "start": { "line": 22, "column": 21 },
            "end": { "line": 22, "column": 42 }
          }
        ]
      },
      "2": {
        "loc": {
          "start": { "line": 22, "column": 21 },
          "end": { "line": 22, "column": 39 }
        },
        "type": "binary-expr",
        "locations": [
          {
            "start": { "line": 22, "column": 21 },
            "end": { "line": 22, "column": 39 }
          },
          {
            "start": { "line": 22, "column": 21 },
            "end": { "line": 22, "column": 39 }
          }
        ]
      },
      "3": {
        "loc": {
          "start": { "line": 23, "column": 29 },
          "end": { "line": 28, "column": 9 }
        },
        "type": "cond-expr",
        "locations": [
          {
            "start": { "line": 24, "column": 8 },
            "end": { "line": 26, "column": null }
          },
          {
            "start": { "line": 28, "column": 8 },
            "end": { "line": 28, "column": 9 }
          }
        ]
      },
      "4": {
        "loc": {
          "start": { "line": 23, "column": 43 },
          "end": { "line": 23, "column": 72 }
        },
        "type": "cond-expr",
        "locations": [
          {
            "start": { "line": 23, "column": 59 },
            "end": { "line": 23, "column": 61 }
          },
          {
            "start": { "line": 23, "column": 43 },
            "end": { "line": 23, "column": 72 }
          }
        ]
      },
      "5": {
        "loc": {
          "start": { "line": 23, "column": 43 },
          "end": { "line": 23, "column": 61 }
        },
        "type": "binary-expr",
        "locations": [
          {
            "start": { "line": 23, "column": 43 },
            "end": { "line": 23, "column": 61 }
          },
          {
            "start": { "line": 23, "column": 43 },
            "end": { "line": 23, "column": 61 }
          }
        ]
      },
      "6": {
        "loc": {
          "start": { "line": 33, "column": 4 },
          "end": { "line": 33, "column": 54 }
        },
        "type": "if",
        "locations": [
          {
            "start": { "line": 33, "column": 4 },
            "end": { "line": 33, "column": 54 }
          }
        ]
      },
      "7": {
        "loc": {
          "start": { "line": 33, "column": 8 },
          "end": { "line": 33, "column": 45 }
        },
        "type": "binary-expr",
        "locations": [
          {
            "start": { "line": 33, "column": 8 },
            "end": { "line": 33, "column": 29 }
          },
          {
            "start": { "line": 33, "column": 33 },
            "end": { "line": 33, "column": 45 }
          }
        ]
      },
      "8": {
        "loc": {
          "start": { "line": 35, "column": 4 },
          "end": { "line": 38, "column": 5 }
        },
        "type": "if",
        "locations": [
          {
            "start": { "line": 35, "column": 4 },
            "end": { "line": 38, "column": 5 }
          }
        ]
      }
    },
    "s": {
      "0": 0,
      "1": 0,
      "2": 0,
      "3": 0,
      "4": 0,
      "5": 0,
      "6": 0,
      "7": 0,
      "8": 0,
      "9": 0,
      "10": 0,
      "11": 0,
      "12": 0,
      "13": 0,
      "14": 0,
      "15": 0,
      "16": 0,
      "17": 0,
      "18": 0,
      "19": 0,
      "20": 0,
      "21": 0,
      "22": 0,
      "23": 0,
      "24": 0,
      "25": 0,
      "26": 0,
      "27": 0,
      "28": 0,
      "29": 0,
      "30": 0,
      "31": 0,
      "32": 0,
      "33": 0,
      "34": 0,
      "35": 0,
      "36": 0,
      "37": 0,
      "38": 0
    },
    "f": {
      "0": 0,
      "1": 0,
      "2": 0,
      "3": 0,
      "4": 0,
      "5": 0,
      "6": 0,
      "7": 0,
      "8": 0,
      "9": 0,
      "10": 0,
      "11": 0
    },
    "b": {
      "0": [0, 0],
      "1": [0, 0],
      "2": [0, 0],
      "3": [0, 0],
      "4": [0, 0],
      "5": [0, 0],
      "6": [0],
      "7": [0, 0],
      "8": [0]
    }
  },
  "C:\\Users\\MaxikFunnyCat\\Desktop\\stellar-burgers\\src\\components\\burger-constructor-element\\burger-constructor-element.tsx": {
    "path": "C:\\Users\\MaxikFunnyCat\\Desktop\\stellar-burgers\\src\\components\\burger-constructor-element\\burger-constructor-element.tsx",
    "statementMap": {
      "0": {
        "start": { "line": 1, "column": 0 },
        "end": { "line": 1, "column": 33 }
      },
      "1": {
        "start": { "line": 2, "column": 0 },
        "end": { "line": 2, "column": 49 }
      },
      "2": {
        "start": { "line": 4, "column": 0 },
        "end": { "line": 4, "column": 54 }
      },
      "3": {
        "start": { "line": 5, "column": 0 },
        "end": { "line": 5, "column": null }
      },
      "4": {
        "start": { "line": 10, "column": 13 },
        "end": { "line": 41, "column": 2 }
      },
      "5": {
        "start": { "line": 11, "column": 15 },
        "end": { "line": 11, "column": 17 }
      },
      "6": {
        "start": { "line": 11, "column": 22 },
        "end": { "line": 11, "column": 24 }
      },
      "7": {
        "start": { "line": 11, "column": 34 },
        "end": { "line": 11, "column": 36 }
      },
      "8": {
        "start": { "line": 12, "column": 21 },
        "end": { "line": 12, "column": 37 }
      },
      "9": {
        "start": { "line": 14, "column": 25 },
        "end": { "line": 18, "column": 5 }
      },
      "10": {
        "start": { "line": 15, "column": 6 },
        "end": { "line": 17, "column": 7 }
      },
      "11": {
        "start": { "line": 16, "column": 8 },
        "end": { "line": 16, "column": 75 }
      },
      "12": {
        "start": { "line": 20, "column": 27 },
        "end": { "line": 24, "column": 5 }
      },
      "13": {
        "start": { "line": 21, "column": 6 },
        "end": { "line": 23, "column": 7 }
      },
      "14": {
        "start": { "line": 22, "column": 8 },
        "end": { "line": 22, "column": 75 }
      },
      "15": {
        "start": { "line": 26, "column": 24 },
        "end": { "line": 28, "column": 5 }
      },
      "16": {
        "start": { "line": 27, "column": 6 },
        "end": { "line": 27, "column": 48 }
      },
      "17": {
        "start": { "line": 30, "column": 4 },
        "end": { "line": 39, "column": 6 }
      }
    },
    "fnMap": {
      "0": {
        "name": "(anonymous_0)",
        "decl": {
          "start": { "line": 11, "column": 2 },
          "end": { "line": 11, "column": 3 }
        },
        "loc": {
          "start": { "line": 11, "column": 36 },
          "end": { "line": 40, "column": 3 }
        }
      },
      "1": {
        "name": "(anonymous_1)",
        "decl": {
          "start": { "line": 14, "column": 25 },
          "end": { "line": 14, "column": null }
        },
        "loc": {
          "start": { "line": 14, "column": 25 },
          "end": { "line": 18, "column": 5 }
        }
      },
      "2": {
        "name": "(anonymous_2)",
        "decl": {
          "start": { "line": 20, "column": 27 },
          "end": { "line": 20, "column": null }
        },
        "loc": {
          "start": { "line": 20, "column": 27 },
          "end": { "line": 24, "column": 5 }
        }
      },
      "3": {
        "name": "(anonymous_3)",
        "decl": {
          "start": { "line": 26, "column": 24 },
          "end": { "line": 26, "column": null }
        },
        "loc": {
          "start": { "line": 26, "column": 24 },
          "end": { "line": 28, "column": 5 }
        }
      }
    },
    "branchMap": {
      "0": {
        "loc": {
          "start": { "line": 15, "column": 6 },
          "end": { "line": 17, "column": 7 }
        },
        "type": "if",
        "locations": [
          {
            "start": { "line": 15, "column": 6 },
            "end": { "line": 17, "column": 7 }
          }
        ]
      },
      "1": {
        "loc": {
          "start": { "line": 21, "column": 6 },
          "end": { "line": 23, "column": 7 }
        },
        "type": "if",
        "locations": [
          {
            "start": { "line": 21, "column": 6 },
            "end": { "line": 23, "column": 7 }
          }
        ]
      }
    },
    "s": {
      "0": 0,
      "1": 0,
      "2": 0,
      "3": 0,
      "4": 0,
      "5": 0,
      "6": 0,
      "7": 0,
      "8": 0,
      "9": 0,
      "10": 0,
      "11": 0,
      "12": 0,
      "13": 0,
      "14": 0,
      "15": 0,
      "16": 0,
      "17": 0
    },
    "f": { "0": 0, "1": 0, "2": 0, "3": 0 },
    "b": { "0": [0], "1": [0] }
  },
  "C:\\Users\\MaxikFunnyCat\\Desktop\\stellar-burgers\\src\\components\\burger-ingredient\\burger-ingredient.tsx": {
    "path": "C:\\Users\\MaxikFunnyCat\\Desktop\\stellar-burgers\\src\\components\\burger-ingredient\\burger-ingredient.tsx",
    "statementMap": {
      "0": {
        "start": { "line": 1, "column": 0 },
        "end": { "line": 1, "column": 33 }
      },
      "1": {
        "start": { "line": 2, "column": 0 },
        "end": { "line": 2, "column": 47 }
      },
      "2": {
        "start": { "line": 3, "column": 0 },
        "end": { "line": 3, "column": 54 }
      },
      "3": {
        "start": { "line": 4, "column": 0 },
        "end": { "line": 4, "column": 79 }
      },
      "4": {
        "start": { "line": 5, "column": 0 },
        "end": { "line": 5, "column": 41 }
      },
      "5": {
        "start": { "line": 9, "column": 13 },
        "end": { "line": 31, "column": 2 }
      },
      "6": {
        "start": { "line": 10, "column": 15 },
        "end": { "line": 10, "column": 17 }
      },
      "7": {
        "start": { "line": 10, "column": 22 },
        "end": { "line": 10, "column": 24 }
      },
      "8": {
        "start": { "line": 11, "column": 21 },
        "end": { "line": 11, "column": 34 }
      },
      "9": {
        "start": { "line": 12, "column": 21 },
        "end": { "line": 12, "column": 37 }
      },
      "10": {
        "start": { "line": 14, "column": 22 },
        "end": { "line": 20, "column": 5 }
      },
      "11": {
        "start": { "line": 15, "column": 6 },
        "end": { "line": 19, "column": 7 }
      },
      "12": {
        "start": { "line": 16, "column": 8 },
        "end": { "line": 16, "column": 63 }
      },
      "13": {
        "start": { "line": 18, "column": 8 },
        "end": { "line": 18, "column": 70 }
      },
      "14": {
        "start": { "line": 22, "column": 4 },
        "end": { "line": 29, "column": 6 }
      }
    },
    "fnMap": {
      "0": {
        "name": "(anonymous_0)",
        "decl": {
          "start": { "line": 10, "column": 2 },
          "end": { "line": 10, "column": 3 }
        },
        "loc": {
          "start": { "line": 10, "column": 24 },
          "end": { "line": 30, "column": 3 }
        }
      },
      "1": {
        "name": "(anonymous_1)",
        "decl": {
          "start": { "line": 14, "column": 22 },
          "end": { "line": 14, "column": null }
        },
        "loc": {
          "start": { "line": 14, "column": 22 },
          "end": { "line": 20, "column": 5 }
        }
      }
    },
    "branchMap": {
      "0": {
        "loc": {
          "start": { "line": 15, "column": 6 },
          "end": { "line": 19, "column": 7 }
        },
        "type": "if",
        "locations": [
          {
            "start": { "line": 15, "column": 6 },
            "end": { "line": 19, "column": 7 }
          },
          {
            "start": { "line": 17, "column": 13 },
            "end": { "line": 19, "column": 7 }
          }
        ]
      }
    },
    "s": {
      "0": 0,
      "1": 0,
      "2": 0,
      "3": 0,
      "4": 0,
      "5": 0,
      "6": 0,
      "7": 0,
      "8": 0,
      "9": 0,
      "10": 0,
      "11": 0,
      "12": 0,
      "13": 0,
      "14": 0
    },
    "f": { "0": 0, "1": 0 },
    "b": { "0": [0, 0] }
  },
  "C:\\Users\\MaxikFunnyCat\\Desktop\\stellar-burgers\\src\\components\\burger-ingredients\\burger-ingredients.tsx": {
    "path": "C:\\Users\\MaxikFunnyCat\\Desktop\\stellar-burgers\\src\\components\\burger-ingredients\\burger-ingredients.tsx",
    "statementMap": {
      "0": {
        "start": { "line": 1, "column": 0 },
        "end": { "line": 1, "column": 56 }
      },
      "1": {
        "start": { "line": 2, "column": 0 },
        "end": { "line": 2, "column": 56 }
      },
      "2": {
        "start": { "line": 4, "column": 0 },
        "end": { "line": 4, "column": 54 }
      },
      "3": {
        "start": { "line": 6, "column": 0 },
        "end": { "line": 6, "column": 63 }
      },
      "4": {
        "start": { "line": 8, "column": 37 },
        "end": { "line": 67, "column": 1 }
      },
      "5": {
        "start": { "line": 9, "column": 22 },
        "end": { "line": 9, "column": 72 }
      },
      "6": {
        "start": { "line": 9, "column": 48 },
        "end": { "line": 9, "column": 72 }
      },
      "7": {
        "start": { "line": 11, "column": 15 },
        "end": { "line": 13, "column": 8 }
      },
      "8": {
        "start": { "line": 12, "column": 35 },
        "end": { "line": 12, "column": 55 }
      },
      "9": {
        "start": { "line": 15, "column": 16 },
        "end": { "line": 17, "column": 8 }
      },
      "10": {
        "start": { "line": 16, "column": 35 },
        "end": { "line": 16, "column": 56 }
      },
      "11": {
        "start": { "line": 19, "column": 17 },
        "end": { "line": 21, "column": 8 }
      },
      "12": {
        "start": { "line": 20, "column": 35 },
        "end": { "line": 20, "column": 57 }
      },
      "13": {
        "start": { "line": 23, "column": 38 },
        "end": { "line": 23, "column": 63 }
      },
      "14": {
        "start": { "line": 23, "column": 19 },
        "end": { "line": 23, "column": 21 }
      },
      "15": {
        "start": { "line": 23, "column": 34 },
        "end": { "line": 23, "column": 38 }
      },
      "16": {
        "start": { "line": 24, "column": 22 },
        "end": { "line": 24, "column": 54 }
      },
      "17": {
        "start": { "line": 25, "column": 23 },
        "end": { "line": 25, "column": 55 }
      },
      "18": {
        "start": { "line": 26, "column": 25 },
        "end": { "line": 26, "column": 57 }
      },
      "19": {
        "start": { "line": 28, "column": 32 },
        "end": { "line": 28, "column": 59 }
      },
      "20": {
        "start": { "line": 28, "column": 16 },
        "end": { "line": 28, "column": 18 }
      },
      "21": {
        "start": { "line": 28, "column": 28 },
        "end": { "line": 28, "column": 32 }
      },
      "22": {
        "start": { "line": 29, "column": 36 },
        "end": { "line": 29, "column": 63 }
      },
      "23": {
        "start": { "line": 29, "column": 17 },
        "end": { "line": 29, "column": 19 }
      },
      "24": {
        "start": { "line": 29, "column": 32 },
        "end": { "line": 29, "column": 36 }
      },
      "25": {
        "start": { "line": 30, "column": 36 },
        "end": { "line": 30, "column": 63 }
      },
      "26": {
        "start": { "line": 30, "column": 18 },
        "end": { "line": 30, "column": 20 }
      },
      "27": {
        "start": { "line": 30, "column": 32 },
        "end": { "line": 30, "column": 36 }
      },
      "28": {
        "start": { "line": 32, "column": 2 },
        "end": { "line": 40, "column": 48 }
      },
      "29": {
        "start": { "line": 33, "column": 4 },
        "end": { "line": 39, "column": 5 }
      },
      "30": {
        "start": { "line": 34, "column": 6 },
        "end": { "line": 34, "column": 27 }
      },
      "31": {
        "start": { "line": 35, "column": 11 },
        "end": { "line": 39, "column": 5 }
      },
      "32": {
        "start": { "line": 36, "column": 6 },
        "end": { "line": 36, "column": 29 }
      },
      "33": {
        "start": { "line": 37, "column": 11 },
        "end": { "line": 39, "column": 5 }
      },
      "34": {
        "start": { "line": 38, "column": 6 },
        "end": { "line": 38, "column": 28 }
      },
      "35": {
        "start": { "line": 42, "column": 21 },
        "end": { "line": 50, "column": 3 }
      },
      "36": {
        "start": { "line": 43, "column": 4 },
        "end": { "line": 43, "column": 35 }
      },
      "37": {
        "start": { "line": 44, "column": 4 },
        "end": { "line": 45, "column": 66 }
      },
      "38": {
        "start": { "line": 45, "column": 6 },
        "end": { "line": 45, "column": 66 }
      },
      "39": {
        "start": { "line": 46, "column": 4 },
        "end": { "line": 47, "column": 67 }
      },
      "40": {
        "start": { "line": 47, "column": 6 },
        "end": { "line": 47, "column": 67 }
      },
      "41": {
        "start": { "line": 48, "column": 4 },
        "end": { "line": 49, "column": 69 }
      },
      "42": {
        "start": { "line": 49, "column": 6 },
        "end": { "line": 49, "column": 69 }
      },
      "43": {
        "start": { "line": 52, "column": 2 },
        "end": { "line": 66, "column": 4 }
      },
      "44": {
        "start": { "line": 8, "column": 13 },
        "end": { "line": 8, "column": 37 }
      }
    },
    "fnMap": {
      "0": {
        "name": "(anonymous_0)",
        "decl": {
          "start": { "line": 8, "column": 37 },
          "end": { "line": 8, "column": null }
        },
        "loc": {
          "start": { "line": 8, "column": 37 },
          "end": { "line": 67, "column": 1 }
        }
      },
      "1": {
        "name": "(anonymous_1)",
        "decl": {
          "start": { "line": 9, "column": 37 },
          "end": { "line": 9, "column": 38 }
        },
        "loc": {
          "start": { "line": 9, "column": 43 },
          "end": { "line": 9, "column": 53 }
        }
      },
      "2": {
        "name": "(anonymous_2)",
        "decl": {
          "start": { "line": 12, "column": 25 },
          "end": { "line": 12, "column": 26 }
        },
        "loc": {
          "start": { "line": 12, "column": 30 },
          "end": { "line": 12, "column": 39 }
        }
      },
      "3": {
        "name": "(anonymous_3)",
        "decl": {
          "start": { "line": 16, "column": 25 },
          "end": { "line": 16, "column": 26 }
        },
        "loc": {
          "start": { "line": 16, "column": 30 },
          "end": { "line": 16, "column": 39 }
        }
      },
      "4": {
        "name": "(anonymous_4)",
        "decl": {
          "start": { "line": 20, "column": 25 },
          "end": { "line": 20, "column": 26 }
        },
        "loc": {
          "start": { "line": 20, "column": 30 },
          "end": { "line": 20, "column": 39 }
        }
      },
      "5": {
        "name": "(anonymous_5)",
        "decl": {
          "start": { "line": 32, "column": 12 },
          "end": { "line": 32, "column": null }
        },
        "loc": {
          "start": { "line": 32, "column": 12 },
          "end": { "line": 40, "column": 3 }
        }
      },
      "6": {
        "name": "(anonymous_6)",
        "decl": {
          "start": { "line": 42, "column": 21 },
          "end": { "line": 42, "column": 22 }
        },
        "loc": {
          "start": { "line": 42, "column": 33 },
          "end": { "line": 50, "column": 3 }
        }
      }
    },
    "branchMap": {
      "0": {
        "loc": {
          "start": { "line": 11, "column": 15 },
          "end": { "line": 13, "column": 8 }
        },
        "type": "cond-expr",
        "locations": [
          {
            "start": { "line": 12, "column": 6 },
            "end": { "line": 12, "column": 55 }
          },
          {
            "start": { "line": 13, "column": 6 },
            "end": { "line": 13, "column": 8 }
          }
        ]
      },
      "1": {
        "loc": {
          "start": { "line": 15, "column": 16 },
          "end": { "line": 17, "column": 8 }
        },
        "type": "cond-expr",
        "locations": [
          {
            "start": { "line": 16, "column": 6 },
            "end": { "line": 16, "column": 56 }
          },
          {
            "start": { "line": 17, "column": 6 },
            "end": { "line": 17, "column": 8 }
          }
        ]
      },
      "2": {
        "loc": {
          "start": { "line": 19, "column": 17 },
          "end": { "line": 21, "column": 8 }
        },
        "type": "cond-expr",
        "locations": [
          {
            "start": { "line": 20, "column": 6 },
            "end": { "line": 20, "column": 57 }
          },
          {
            "start": { "line": 21, "column": 6 },
            "end": { "line": 21, "column": 8 }
          }
        ]
      },
      "3": {
        "loc": {
          "start": { "line": 33, "column": 4 },
          "end": { "line": 39, "column": 5 }
        },
        "type": "if",
        "locations": [
          {
            "start": { "line": 33, "column": 4 },
            "end": { "line": 39, "column": 5 }
          },
          {
            "start": { "line": 35, "column": 11 },
            "end": { "line": 39, "column": 5 }
          }
        ]
      },
      "4": {
        "loc": {
          "start": { "line": 35, "column": 11 },
          "end": { "line": 39, "column": 5 }
        },
        "type": "if",
        "locations": [
          {
            "start": { "line": 35, "column": 11 },
            "end": { "line": 39, "column": 5 }
          },
          {
            "start": { "line": 37, "column": 11 },
            "end": { "line": 39, "column": 5 }
          }
        ]
      },
      "5": {
        "loc": {
          "start": { "line": 37, "column": 11 },
          "end": { "line": 39, "column": 5 }
        },
        "type": "if",
        "locations": [
          {
            "start": { "line": 37, "column": 11 },
            "end": { "line": 39, "column": 5 }
          }
        ]
      },
      "6": {
        "loc": {
          "start": { "line": 44, "column": 4 },
          "end": { "line": 45, "column": 66 }
        },
        "type": "if",
        "locations": [
          {
            "start": { "line": 44, "column": 4 },
            "end": { "line": 45, "column": 66 }
          }
        ]
      },
      "7": {
        "loc": {
          "start": { "line": 45, "column": 6 },
          "end": { "line": 45, "column": 65 }
        },
        "type": "cond-expr",
        "locations": [
          {
            "start": { "line": 45, "column": 25 },
            "end": { "line": 45, "column": 27 }
          },
          {
            "start": { "line": 45, "column": 25 },
            "end": { "line": 45, "column": 65 }
          }
        ]
      },
      "8": {
        "loc": {
          "start": { "line": 45, "column": 6 },
          "end": { "line": 45, "column": 27 }
        },
        "type": "binary-expr",
        "locations": [
          {
            "start": { "line": 45, "column": 6 },
            "end": { "line": 45, "column": 27 }
          },
          {
            "start": { "line": 45, "column": 25 },
            "end": { "line": 45, "column": 27 }
          }
        ]
      },
      "9": {
        "loc": {
          "start": { "line": 46, "column": 4 },
          "end": { "line": 47, "column": 67 }
        },
        "type": "if",
        "locations": [
          {
            "start": { "line": 46, "column": 4 },
            "end": { "line": 47, "column": 67 }
          }
        ]
      },
      "10": {
        "loc": {
          "start": { "line": 47, "column": 6 },
          "end": { "line": 47, "column": 66 }
        },
        "type": "cond-expr",
        "locations": [
          {
            "start": { "line": 47, "column": 26 },
            "end": { "line": 47, "column": 28 }
          },
          {
            "start": { "line": 47, "column": 26 },
            "end": { "line": 47, "column": 66 }
          }
        ]
      },
      "11": {
        "loc": {
          "start": { "line": 47, "column": 6 },
          "end": { "line": 47, "column": 28 }
        },
        "type": "binary-expr",
        "locations": [
          {
            "start": { "line": 47, "column": 6 },
            "end": { "line": 47, "column": 28 }
          },
          {
            "start": { "line": 47, "column": 26 },
            "end": { "line": 47, "column": 28 }
          }
        ]
      },
      "12": {
        "loc": {
          "start": { "line": 48, "column": 4 },
          "end": { "line": 49, "column": 69 }
        },
        "type": "if",
        "locations": [
          {
            "start": { "line": 48, "column": 4 },
            "end": { "line": 49, "column": 69 }
          }
        ]
      },
      "13": {
        "loc": {
          "start": { "line": 49, "column": 6 },
          "end": { "line": 49, "column": 68 }
        },
        "type": "cond-expr",
        "locations": [
          {
            "start": { "line": 49, "column": 28 },
            "end": { "line": 49, "column": 30 }
          },
          {
            "start": { "line": 49, "column": 28 },
            "end": { "line": 49, "column": 68 }
          }
        ]
      },
      "14": {
        "loc": {
          "start": { "line": 49, "column": 6 },
          "end": { "line": 49, "column": 30 }
        },
        "type": "binary-expr",
        "locations": [
          {
            "start": { "line": 49, "column": 6 },
            "end": { "line": 49, "column": 30 }
          },
          {
            "start": { "line": 49, "column": 28 },
            "end": { "line": 49, "column": 30 }
          }
        ]
      }
    },
    "s": {
      "0": 0,
      "1": 0,
      "2": 0,
      "3": 0,
      "4": 0,
      "5": 0,
      "6": 0,
      "7": 0,
      "8": 0,
      "9": 0,
      "10": 0,
      "11": 0,
      "12": 0,
      "13": 0,
      "14": 0,
      "15": 0,
      "16": 0,
      "17": 0,
      "18": 0,
      "19": 0,
      "20": 0,
      "21": 0,
      "22": 0,
      "23": 0,
      "24": 0,
      "25": 0,
      "26": 0,
      "27": 0,
      "28": 0,
      "29": 0,
      "30": 0,
      "31": 0,
      "32": 0,
      "33": 0,
      "34": 0,
      "35": 0,
      "36": 0,
      "37": 0,
      "38": 0,
      "39": 0,
      "40": 0,
      "41": 0,
      "42": 0,
      "43": 0,
      "44": 0
    },
    "f": { "0": 0, "1": 0, "2": 0, "3": 0, "4": 0, "5": 0, "6": 0 },
    "b": {
      "0": [0, 0],
      "1": [0, 0],
      "2": [0, 0],
      "3": [0, 0],
      "4": [0, 0],
      "5": [0],
      "6": [0],
      "7": [0, 0],
      "8": [0, 0],
      "9": [0],
      "10": [0, 0],
      "11": [0, 0],
      "12": [0],
      "13": [0, 0],
      "14": [0, 0]
    }
  },
  "C:\\Users\\MaxikFunnyCat\\Desktop\\stellar-burgers\\src\\components\\feed-info\\feed-info.tsx": {
    "path": "C:\\Users\\MaxikFunnyCat\\Desktop\\stellar-burgers\\src\\components\\feed-info\\feed-info.tsx",
    "statementMap": {
      "0": {
        "start": { "line": 2, "column": 0 },
        "end": { "line": 2, "column": 54 }
      },
      "1": {
        "start": { "line": 5, "column": 0 },
        "end": { "line": 5, "column": 45 }
      },
      "2": {
        "start": { "line": 7, "column": 18 },
        "end": { "line": 8, "column": 8 }
      },
      "3": {
        "start": { "line": 8, "column": 2 },
        "end": { "line": 11, "column": 18 }
      },
      "4": {
        "start": { "line": 9, "column": 22 },
        "end": { "line": 9, "column": 45 }
      },
      "5": {
        "start": { "line": 10, "column": 19 },
        "end": { "line": 10, "column": 31 }
      },
      "6": {
        "start": { "line": 13, "column": 28 },
        "end": { "line": 27, "column": 1 }
      },
      "7": {
        "start": { "line": 14, "column": 17 },
        "end": { "line": 14, "column": 61 }
      },
      "8": {
        "start": { "line": 14, "column": 43 },
        "end": { "line": 14, "column": 61 }
      },
      "9": {
        "start": { "line": 15, "column": 15 },
        "end": { "line": 15, "column": 62 }
      },
      "10": {
        "start": { "line": 15, "column": 41 },
        "end": { "line": 15, "column": 62 }
      },
      "11": {
        "start": { "line": 17, "column": 22 },
        "end": { "line": 17, "column": 47 }
      },
      "12": {
        "start": { "line": 18, "column": 24 },
        "end": { "line": 18, "column": 52 }
      },
      "13": {
        "start": { "line": 20, "column": 2 },
        "end": { "line": 26, "column": 4 }
      },
      "14": {
        "start": { "line": 13, "column": 13 },
        "end": { "line": 13, "column": 28 }
      }
    },
    "fnMap": {
      "0": {
        "name": "(anonymous_0)",
        "decl": {
          "start": { "line": 7, "column": 18 },
          "end": { "line": 7, "column": 19 }
        },
        "loc": {
          "start": { "line": 7, "column": 51 },
          "end": { "line": 8, "column": 8 }
        }
      },
      "1": {
        "name": "(anonymous_1)",
        "decl": {
          "start": { "line": 9, "column": 12 },
          "end": { "line": 9, "column": 13 }
        },
        "loc": {
          "start": { "line": 9, "column": 17 },
          "end": { "line": 9, "column": 26 }
        }
      },
      "2": {
        "name": "(anonymous_2)",
        "decl": {
          "start": { "line": 10, "column": 9 },
          "end": { "line": 10, "column": 10 }
        },
        "loc": {
          "start": { "line": 10, "column": 14 },
          "end": { "line": 10, "column": 23 }
        }
      },
      "3": {
        "name": "(anonymous_3)",
        "decl": {
          "start": { "line": 13, "column": 28 },
          "end": { "line": 13, "column": null }
        },
        "loc": {
          "start": { "line": 13, "column": 28 },
          "end": { "line": 27, "column": 1 }
        }
      },
      "4": {
        "name": "(anonymous_4)",
        "decl": {
          "start": { "line": 14, "column": 32 },
          "end": { "line": 14, "column": 33 }
        },
        "loc": {
          "start": { "line": 14, "column": 38 },
          "end": { "line": 14, "column": 48 }
        }
      },
      "5": {
        "name": "(anonymous_5)",
        "decl": {
          "start": { "line": 15, "column": 30 },
          "end": { "line": 15, "column": 31 }
        },
        "loc": {
          "start": { "line": 15, "column": 36 },
          "end": { "line": 15, "column": 46 }
        }
      }
    },
    "branchMap": {},
    "s": {
      "0": 0,
      "1": 0,
      "2": 0,
      "3": 0,
      "4": 0,
      "5": 0,
      "6": 0,
      "7": 0,
      "8": 0,
      "9": 0,
      "10": 0,
      "11": 0,
      "12": 0,
      "13": 0,
      "14": 0
    },
    "f": { "0": 0, "1": 0, "2": 0, "3": 0, "4": 0, "5": 0 },
    "b": {}
  },
  "C:\\Users\\MaxikFunnyCat\\Desktop\\stellar-burgers\\src\\components\\ingredient-details\\ingredient-details.tsx": {
    "path": "C:\\Users\\MaxikFunnyCat\\Desktop\\stellar-burgers\\src\\components\\ingredient-details\\ingredient-details.tsx",
    "statementMap": {
      "0": {
        "start": { "line": 2, "column": 0 },
        "end": { "line": 2, "column": 45 }
      },
      "1": {
        "start": { "line": 3, "column": 0 },
        "end": { "line": 3, "column": 70 }
      },
      "2": {
        "start": { "line": 4, "column": 0 },
        "end": { "line": 4, "column": 44 }
      },
      "3": {
        "start": { "line": 5, "column": 0 },
        "end": { "line": 5, "column": 63 }
      },
      "4": {
        "start": { "line": 9, "column": 37 },
        "end": { "line": 36, "column": 1 }
      },
      "5": {
        "start": { "line": 10, "column": 17 },
        "end": { "line": 10, "column": 45 }
      },
      "6": {
        "start": { "line": 11, "column": 19 },
        "end": { "line": 11, "column": 35 }
      },
      "7": {
        "start": { "line": 17, "column": 6 },
        "end": { "line": 17, "column": 50 }
      },
      "8": {
        "start": { "line": 17, "column": 32 },
        "end": { "line": 17, "column": 50 }
      },
      "9": {
        "start": { "line": 14, "column": 22 },
        "end": { "line": 14, "column": null }
      },
      "10": {
        "start": { "line": 15, "column": 13 },
        "end": { "line": 15, "column": null }
      },
      "11": {
        "start": { "line": 16, "column": 9 },
        "end": { "line": 16, "column": null }
      },
      "12": {
        "start": { "line": 19, "column": 50 },
        "end": { "line": 20, "column": null }
      },
      "13": {
        "start": { "line": 20, "column": 14 },
        "end": { "line": 20, "column": null }
      },
      "14": {
        "start": { "line": 23, "column": 2 },
        "end": { "line": 25, "column": 3 }
      },
      "15": {
        "start": { "line": 24, "column": 4 },
        "end": { "line": 24, "column": 25 }
      },
      "16": {
        "start": { "line": 27, "column": 2 },
        "end": { "line": 33, "column": 3 }
      },
      "17": {
        "start": { "line": 28, "column": 4 },
        "end": { "line": 32, "column": 6 }
      },
      "18": {
        "start": { "line": 35, "column": 2 },
        "end": { "line": 35, "column": 65 }
      },
      "19": {
        "start": { "line": 9, "column": 13 },
        "end": { "line": 9, "column": 37 }
      }
    },
    "fnMap": {
      "0": {
        "name": "(anonymous_0)",
        "decl": {
          "start": { "line": 9, "column": 37 },
          "end": { "line": 9, "column": null }
        },
        "loc": {
          "start": { "line": 9, "column": 37 },
          "end": { "line": 36, "column": 1 }
        }
      },
      "1": {
        "name": "(anonymous_1)",
        "decl": {
          "start": { "line": 17, "column": 21 },
          "end": { "line": 17, "column": 22 }
        },
        "loc": {
          "start": { "line": 17, "column": 27 },
          "end": { "line": 17, "column": 37 }
        }
      },
      "2": {
        "name": "(anonymous_2)",
        "decl": {
          "start": { "line": 20, "column": 4 },
          "end": { "line": 20, "column": 5 }
        },
        "loc": {
          "start": { "line": 20, "column": 9 },
          "end": { "line": 20, "column": 18 }
        }
      }
    },
    "branchMap": {
      "0": {
        "loc": {
          "start": { "line": 23, "column": 2 },
          "end": { "line": 25, "column": 3 }
        },
        "type": "if",
        "locations": [
          {
            "start": { "line": 23, "column": 2 },
            "end": { "line": 25, "column": 3 }
          }
        ]
      },
      "1": {
        "loc": {
          "start": { "line": 23, "column": 6 },
          "end": { "line": 23, "column": 34 }
        },
        "type": "binary-expr",
        "locations": [
          {
            "start": { "line": 23, "column": 6 },
            "end": { "line": 23, "column": 15 }
          },
          {
            "start": { "line": 23, "column": 19 },
            "end": { "line": 23, "column": 34 }
          }
        ]
      },
      "2": {
        "loc": {
          "start": { "line": 27, "column": 2 },
          "end": { "line": 33, "column": 3 }
        },
        "type": "if",
        "locations": [
          {
            "start": { "line": 27, "column": 2 },
            "end": { "line": 33, "column": 3 }
          }
        ]
      }
    },
    "s": {
      "0": 0,
      "1": 0,
      "2": 0,
      "3": 0,
      "4": 0,
      "5": 0,
      "6": 0,
      "7": 0,
      "8": 0,
      "9": 0,
      "10": 0,
      "11": 0,
      "12": 0,
      "13": 0,
      "14": 0,
      "15": 0,
      "16": 0,
      "17": 0,
      "18": 0,
      "19": 0
    },
    "f": { "0": 0, "1": 0, "2": 0 },
    "b": { "0": [0], "1": [0, 0], "2": [0] }
  },
  "C:\\Users\\MaxikFunnyCat\\Desktop\\stellar-burgers\\src\\components\\ingredients-category\\ingredients-category.tsx": {
    "path": "C:\\Users\\MaxikFunnyCat\\Desktop\\stellar-burgers\\src\\components\\ingredients-category\\ingredients-category.tsx",
    "statementMap": {
      "0": {
        "start": { "line": 1, "column": 0 },
        "end": { "line": 1, "column": 44 }
      },
      "1": {
        "start": { "line": 2, "column": 0 },
        "end": { "line": 2, "column": 54 }
      },
      "2": {
        "start": { "line": 5, "column": 0 },
        "end": { "line": 5, "column": 67 }
      },
      "3": {
        "start": { "line": 7, "column": 13 },
        "end": { "line": 33, "column": 3 }
      },
      "4": {
        "start": { "line": 10, "column": 10 },
        "end": { "line": 10, "column": 12 }
      },
      "5": {
        "start": { "line": 10, "column": 20 },
        "end": { "line": 10, "column": 22 }
      },
      "6": {
        "start": { "line": 10, "column": 33 },
        "end": { "line": 10, "column": 35 }
      },
      "7": {
        "start": { "line": 11, "column": 27 },
        "end": { "line": 11, "column": 77 }
      },
      "8": {
        "start": { "line": 11, "column": 53 },
        "end": { "line": 11, "column": 77 }
      },
      "9": {
        "start": { "line": 13, "column": 30 },
        "end": { "line": 22, "column": 24 }
      },
      "10": {
        "start": { "line": 14, "column": 54 },
        "end": { "line": 14, "column": 71 }
      },
      "11": {
        "start": { "line": 15, "column": 48 },
        "end": { "line": 15, "column": 50 }
      },
      "12": {
        "start": { "line": 16, "column": 4 },
        "end": { "line": 19, "column": 7 }
      },
      "13": {
        "start": { "line": 17, "column": 6 },
        "end": { "line": 17, "column": 66 }
      },
      "14": {
        "start": { "line": 17, "column": 37 },
        "end": { "line": 17, "column": 66 }
      },
      "15": {
        "start": { "line": 18, "column": 6 },
        "end": { "line": 18, "column": 33 }
      },
      "16": {
        "start": { "line": 20, "column": 4 },
        "end": { "line": 20, "column": 35 }
      },
      "17": {
        "start": { "line": 20, "column": 13 },
        "end": { "line": 20, "column": 35 }
      },
      "18": {
        "start": { "line": 21, "column": 4 },
        "end": { "line": 21, "column": 20 }
      },
      "19": {
        "start": { "line": 24, "column": 2 },
        "end": { "line": 32, "column": 4 }
      }
    },
    "fnMap": {
      "0": {
        "name": "(anonymous_0)",
        "decl": {
          "start": { "line": 10, "column": 2 },
          "end": { "line": 10, "column": 3 }
        },
        "loc": {
          "start": { "line": 10, "column": 40 },
          "end": { "line": 33, "column": 1 }
        }
      },
      "1": {
        "name": "(anonymous_1)",
        "decl": {
          "start": { "line": 11, "column": 42 },
          "end": { "line": 11, "column": 43 }
        },
        "loc": {
          "start": { "line": 11, "column": 48 },
          "end": { "line": 11, "column": 58 }
        }
      },
      "2": {
        "name": "(anonymous_2)",
        "decl": {
          "start": { "line": 13, "column": 38 },
          "end": { "line": 13, "column": null }
        },
        "loc": {
          "start": { "line": 13, "column": 38 },
          "end": { "line": 22, "column": 3 }
        }
      },
      "3": {
        "name": "(anonymous_3)",
        "decl": {
          "start": { "line": 16, "column": 33 },
          "end": { "line": 16, "column": 34 }
        },
        "loc": {
          "start": { "line": 16, "column": 57 },
          "end": { "line": 19, "column": 5 }
        }
      }
    },
    "branchMap": {
      "0": {
        "loc": {
          "start": { "line": 16, "column": 4 },
          "end": { "line": 19, "column": 6 }
        },
        "type": "cond-expr",
        "locations": [
          {
            "start": { "line": 16, "column": 23 },
            "end": { "line": 16, "column": 25 }
          },
          {
            "start": { "line": 16, "column": 4 },
            "end": { "line": 19, "column": 6 }
          }
        ]
      },
      "1": {
        "loc": {
          "start": { "line": 16, "column": 4 },
          "end": { "line": 16, "column": 25 }
        },
        "type": "binary-expr",
        "locations": [
          {
            "start": { "line": 16, "column": 4 },
            "end": { "line": 16, "column": 25 }
          },
          {
            "start": { "line": 16, "column": 4 },
            "end": { "line": 16, "column": 25 }
          }
        ]
      },
      "2": {
        "loc": {
          "start": { "line": 17, "column": 6 },
          "end": { "line": 17, "column": 66 }
        },
        "type": "if",
        "locations": [
          {
            "start": { "line": 17, "column": 6 },
            "end": { "line": 17, "column": 66 }
          }
        ]
      },
      "3": {
        "loc": {
          "start": { "line": 20, "column": 4 },
          "end": { "line": 20, "column": 35 }
        },
        "type": "if",
        "locations": [
          {
            "start": { "line": 20, "column": 4 },
            "end": { "line": 20, "column": 35 }
          }
        ]
      }
    },
    "s": {
      "0": 0,
      "1": 0,
      "2": 0,
      "3": 0,
      "4": 0,
      "5": 0,
      "6": 0,
      "7": 0,
      "8": 0,
      "9": 0,
      "10": 0,
      "11": 0,
      "12": 0,
      "13": 0,
      "14": 0,
      "15": 0,
      "16": 0,
      "17": 0,
      "18": 0,
      "19": 0
    },
    "f": { "0": 0, "1": 0, "2": 0, "3": 0 },
    "b": { "0": [0, 0], "1": [0, 0], "2": [0], "3": [0] }
  },
  "C:\\Users\\MaxikFunnyCat\\Desktop\\stellar-burgers\\src\\components\\modal\\modal.tsx": {
    "path": "C:\\Users\\MaxikFunnyCat\\Desktop\\stellar-burgers\\src\\components\\modal\\modal.tsx",
    "statementMap": {
      "0": {
        "start": { "line": 1, "column": 0 },
        "end": { "line": 1, "column": 52 }
      },
      "1": {
        "start": { "line": 2, "column": 0 },
        "end": { "line": 2, "column": 33 }
      },
      "2": {
        "start": { "line": 4, "column": 0 },
        "end": { "line": 4, "column": 30 }
      },
      "3": {
        "start": { "line": 6, "column": 18 },
        "end": { "line": 6, "column": 66 }
      },
      "4": {
        "start": { "line": 8, "column": 13 },
        "end": { "line": 33, "column": 3 }
      },
      "5": {
        "start": { "line": 8, "column": 51 },
        "end": { "line": 8, "column": 53 }
      },
      "6": {
        "start": { "line": 8, "column": 60 },
        "end": { "line": 8, "column": 62 }
      },
      "7": {
        "start": { "line": 8, "column": 70 },
        "end": { "line": 8, "column": 72 }
      },
      "8": {
        "start": { "line": 9, "column": 16 },
        "end": { "line": 9, "column": 51 }
      },
      "9": {
        "start": { "line": 10, "column": 2 },
        "end": { "line": 10, "column": 68 }
      },
      "10": {
        "start": { "line": 10, "column": 22 },
        "end": { "line": 10, "column": 68 }
      },
      "11": {
        "start": { "line": 12, "column": 2 },
        "end": { "line": 25, "column": 16 }
      },
      "12": {
        "start": { "line": 13, "column": 15 },
        "end": { "line": 13, "column": 29 }
      },
      "13": {
        "start": { "line": 14, "column": 4 },
        "end": { "line": 14, "column": 30 }
      },
      "14": {
        "start": { "line": 16, "column": 22 },
        "end": { "line": 18, "column": 5 }
      },
      "15": {
        "start": { "line": 17, "column": 6 },
        "end": { "line": 17, "column": 40 }
      },
      "16": {
        "start": { "line": 17, "column": 30 },
        "end": { "line": 17, "column": 40 }
      },
      "17": {
        "start": { "line": 19, "column": 4 },
        "end": { "line": 19, "column": 52 }
      },
      "18": {
        "start": { "line": 21, "column": 4 },
        "end": { "line": 24, "column": 6 }
      },
      "19": {
        "start": { "line": 22, "column": 6 },
        "end": { "line": 22, "column": 57 }
      },
      "20": {
        "start": { "line": 23, "column": 6 },
        "end": { "line": 23, "column": 60 }
      },
      "21": {
        "start": { "line": 23, "column": 34 },
        "end": { "line": 23, "column": 60 }
      },
      "22": {
        "start": { "line": 27, "column": 2 },
        "end": { "line": 32, "column": 4 }
      }
    },
    "fnMap": {
      "0": {
        "name": "(anonymous_1)",
        "decl": {
          "start": { "line": 8, "column": 43 },
          "end": { "line": 8, "column": 44 }
        },
        "loc": {
          "start": { "line": 8, "column": 72 },
          "end": { "line": 33, "column": 1 }
        }
      },
      "1": {
        "name": "(anonymous_2)",
        "decl": {
          "start": { "line": 12, "column": 12 },
          "end": { "line": 12, "column": null }
        },
        "loc": {
          "start": { "line": 12, "column": 12 },
          "end": { "line": 25, "column": 3 }
        }
      },
      "2": {
        "name": "(anonymous_3)",
        "decl": {
          "start": { "line": 16, "column": 22 },
          "end": { "line": 16, "column": 23 }
        },
        "loc": {
          "start": { "line": 16, "column": 39 },
          "end": { "line": 18, "column": 5 }
        }
      },
      "3": {
        "name": "(anonymous_4)",
        "decl": {
          "start": { "line": 21, "column": 11 },
          "end": { "line": 21, "column": null }
        },
        "loc": {
          "start": { "line": 21, "column": 11 },
          "end": { "line": 24, "column": 5 }
        }
      }
    },
    "branchMap": {
      "0": {
        "loc": {
          "start": { "line": 10, "column": 2 },
          "end": { "line": 10, "column": 68 }
        },
        "type": "if",
        "locations": [
          {
            "start": { "line": 10, "column": 2 },
            "end": { "line": 10, "column": 68 }
          }
        ]
      },
      "1": {
        "loc": {
          "start": { "line": 17, "column": 6 },
          "end": { "line": 17, "column": 40 }
        },
        "type": "if",
        "locations": [
          {
            "start": { "line": 17, "column": 6 },
            "end": { "line": 17, "column": 40 }
          }
        ]
      },
      "2": {
        "loc": {
          "start": { "line": 23, "column": 6 },
          "end": { "line": 23, "column": 60 }
        },
        "type": "if",
        "locations": [
          {
            "start": { "line": 23, "column": 6 },
            "end": { "line": 23, "column": 60 }
          }
        ]
      }
    },
    "s": {
      "0": 0,
      "1": 0,
      "2": 0,
      "3": 0,
      "4": 0,
      "5": 0,
      "6": 0,
      "7": 0,
      "8": 0,
      "9": 0,
      "10": 0,
      "11": 0,
      "12": 0,
      "13": 0,
      "14": 0,
      "15": 0,
      "16": 0,
      "17": 0,
      "18": 0,
      "19": 0,
      "20": 0,
      "21": 0,
      "22": 0
    },
    "f": { "0": 0, "1": 0, "2": 0, "3": 0 },
    "b": { "0": [0], "1": [0], "2": [0] }
  },
  "C:\\Users\\MaxikFunnyCat\\Desktop\\stellar-burgers\\src\\components\\order-card\\order-card.tsx": {
    "path": "C:\\Users\\MaxikFunnyCat\\Desktop\\stellar-burgers\\src\\components\\order-card\\order-card.tsx",
    "statementMap": {
      "0": {
        "start": { "line": 1, "column": 0 },
        "end": { "line": 1, "column": 42 }
      },
      "1": {
        "start": { "line": 2, "column": 0 },
        "end": { "line": 2, "column": 47 }
      },
      "2": {
        "start": { "line": 3, "column": 0 },
        "end": { "line": 3, "column": 54 }
      },
      "3": {
        "start": { "line": 6, "column": 0 },
        "end": { "line": 6, "column": 47 }
      },
      "4": {
        "start": { "line": 8, "column": 23 },
        "end": { "line": 8, "column": 24 }
      },
      "5": {
        "start": { "line": 10, "column": 13 },
        "end": { "line": 51, "column": 3 }
      },
      "6": {
        "start": { "line": 10, "column": 58 },
        "end": { "line": 10, "column": 59 }
      },
      "7": {
        "start": { "line": 11, "column": 19 },
        "end": { "line": 11, "column": 32 }
      },
      "8": {
        "start": { "line": 12, "column": 37 },
        "end": { "line": 13, "column": null }
      },
      "9": {
        "start": { "line": 13, "column": 15 },
        "end": { "line": 13, "column": null }
      },
      "10": {
        "start": { "line": 16, "column": 20 },
        "end": { "line": 40, "column": 26 }
      },
      "11": {
        "start": { "line": 17, "column": 4 },
        "end": { "line": 17, "column": 41 }
      },
      "12": {
        "start": { "line": 17, "column": 29 },
        "end": { "line": 17, "column": 41 }
      },
      "13": {
        "start": { "line": 19, "column": 28 },
        "end": { "line": 24, "column": null }
      },
      "14": {
        "start": { "line": 21, "column": 20 },
        "end": { "line": 21, "column": 57 }
      },
      "15": {
        "start": { "line": 21, "column": 44 },
        "end": { "line": 21, "column": 57 }
      },
      "16": {
        "start": { "line": 22, "column": 8 },
        "end": { "line": 22, "column": 41 }
      },
      "17": {
        "start": { "line": 27, "column": 18 },
        "end": { "line": 27, "column": 70 }
      },
      "18": {
        "start": { "line": 27, "column": 53 },
        "end": { "line": 27, "column": 68 }
      },
      "19": {
        "start": { "line": 28, "column": 30 },
        "end": { "line": 28, "column": 70 }
      },
      "20": {
        "start": { "line": 29, "column": 20 },
        "end": { "line": 29, "column": 72 }
      },
      "21": {
        "start": { "line": 30, "column": 17 },
        "end": { "line": 30, "column": 42 }
      },
      "22": {
        "start": { "line": 32, "column": 4 },
        "end": { "line": 38, "column": null }
      },
      "23": {
        "start": { "line": 42, "column": 2 },
        "end": { "line": 42, "column": 30 }
      },
      "24": {
        "start": { "line": 42, "column": 18 },
        "end": { "line": 42, "column": 30 }
      },
      "25": {
        "start": { "line": 44, "column": 2 },
        "end": { "line": 50, "column": 4 }
      }
    },
    "fnMap": {
      "0": {
        "name": "(anonymous_3)",
        "decl": {
          "start": { "line": 10, "column": 50 },
          "end": { "line": 10, "column": 51 }
        },
        "loc": {
          "start": { "line": 10, "column": 74 },
          "end": { "line": 51, "column": 1 }
        }
      },
      "1": {
        "name": "(anonymous_4)",
        "decl": {
          "start": { "line": 13, "column": 4 },
          "end": { "line": 13, "column": 5 }
        },
        "loc": {
          "start": { "line": 13, "column": 10 },
          "end": { "line": 13, "column": 20 }
        }
      },
      "2": {
        "name": "(anonymous_5)",
        "decl": {
          "start": { "line": 16, "column": 28 },
          "end": { "line": 16, "column": null }
        },
        "loc": {
          "start": { "line": 16, "column": 28 },
          "end": { "line": 40, "column": 3 }
        }
      },
      "3": {
        "name": "(anonymous_6)",
        "decl": {
          "start": { "line": 20, "column": 6 },
          "end": { "line": 20, "column": 7 }
        },
        "loc": {
          "start": { "line": 20, "column": 14 },
          "end": { "line": 23, "column": 7 }
        }
      },
      "4": {
        "name": "(anonymous_7)",
        "decl": {
          "start": { "line": 21, "column": 37 },
          "end": { "line": 21, "column": 38 }
        },
        "loc": {
          "start": { "line": 21, "column": 39 },
          "end": { "line": 21, "column": 45 }
        }
      },
      "5": {
        "name": "(anonymous_8)",
        "decl": {
          "start": { "line": 27, "column": 41 },
          "end": { "line": 27, "column": 42 }
        },
        "loc": {
          "start": { "line": 27, "column": 48 },
          "end": { "line": 27, "column": 56 }
        }
      }
    },
    "branchMap": {
      "0": {
        "loc": {
          "start": { "line": 17, "column": 4 },
          "end": { "line": 17, "column": 41 }
        },
        "type": "if",
[...]
        },
        "loc": {
          "start": { "line": 98, "column": 26 },
          "end": { "line": 107, "column": 1 }
        }
      },
      "11": {
        "name": "(anonymous_28)",
        "decl": {
          "start": { "line": 109, "column": 29 },
          "end": { "line": 109, "column": 30 }
        },
        "loc": {
          "start": { "line": 109, "column": 50 },
          "end": { "line": 110, "column": 18 }
        }
      },
      "12": {
        "name": "(anonymous_29)",
        "decl": {
          "start": { "line": 119, "column": 25 },
          "end": { "line": 119, "column": null }
        },
        "loc": {
          "start": { "line": 119, "column": 25 },
          "end": { "line": 120, "column": 7 }
        }
      },
      "13": {
        "name": "(anonymous_30)",
        "decl": {
          "start": { "line": 124, "column": 10 },
          "end": { "line": 124, "column": 11 }
        },
        "loc": {
          "start": { "line": 124, "column": 14 },
          "end": { "line": 124, "column": 32 }
        }
      },
      "14": {
        "name": "(anonymous_31)",
        "decl": {
          "start": { "line": 127, "column": 33 },
          "end": { "line": 127, "column": 34 }
        },
        "loc": {
          "start": { "line": 127, "column": 57 },
          "end": { "line": 128, "column": 7 }
        }
      },
      "15": {
        "name": "(anonymous_32)",
        "decl": {
          "start": { "line": 132, "column": 10 },
          "end": { "line": 132, "column": 11 }
        },
        "loc": {
          "start": { "line": 132, "column": 14 },
          "end": { "line": 132, "column": 32 }
        }
      },
      "16": {
        "name": "(anonymous_33)",
        "decl": {
          "start": { "line": 134, "column": 32 },
          "end": { "line": 134, "column": 33 }
        },
        "loc": {
          "start": { "line": 134, "column": 74 },
          "end": { "line": 135, "column": 7 }
        }
      },
      "17": {
        "name": "(anonymous_34)",
        "decl": {
          "start": { "line": 139, "column": 10 },
          "end": { "line": 139, "column": 11 }
        },
        "loc": {
          "start": { "line": 139, "column": 14 },
          "end": { "line": 139, "column": 32 }
        }
      },
      "18": {
        "name": "(anonymous_35)",
        "decl": {
          "start": { "line": 142, "column": 35 },
          "end": { "line": 142, "column": 45 }
        },
        "loc": {
          "start": { "line": 142, "column": 35 },
          "end": { "line": 146, "column": 2 }
        }
      },
      "19": {
        "name": "(anonymous_36)",
        "decl": {
          "start": { "line": 142, "column": 52 },
          "end": { "line": 142, "column": null }
        },
        "loc": {
          "start": { "line": 142, "column": 52 },
          "end": { "line": 146, "column": 2 }
        }
      },
      "20": {
        "name": "(anonymous_38)",
        "decl": {
          "start": { "line": 149, "column": 30 },
          "end": { "line": 149, "column": 31 }
        },
        "loc": {
          "start": { "line": 149, "column": 52 },
          "end": { "line": 150, "column": 18 }
        }
      },
      "21": {
        "name": "(anonymous_39)",
        "decl": {
          "start": { "line": 160, "column": 27 },
          "end": { "line": 160, "column": null }
        },
        "loc": {
          "start": { "line": 160, "column": 27 },
          "end": { "line": 161, "column": 7 }
        }
      },
      "22": {
        "name": "(anonymous_40)",
        "decl": {
          "start": { "line": 161, "column": 34 },
          "end": { "line": 161, "column": 35 }
        },
        "loc": {
          "start": { "line": 161, "column": 38 },
          "end": { "line": 162, "column": 17 }
        }
      }
    },
    "branchMap": {
      "0": {
        "loc": {
          "start": { "line": 5, "column": 2 },
          "end": { "line": 5, "column": 73 }
        },
        "type": "cond-expr",
        "locations": [
          {
            "start": { "line": 5, "column": 28 },
            "end": { "line": 5, "column": 32 }
          },
          {
            "start": { "line": 5, "column": 32 },
            "end": { "line": 5, "column": 73 }
          }
        ]
      },
      "1": {
        "loc": {
          "start": { "line": 5, "column": 2 },
          "end": { "line": 5, "column": 32 }
        },
        "type": "binary-expr",
        "locations": [
          {
            "start": { "line": 5, "column": 2 },
            "end": { "line": 5, "column": 32 }
          },
          {
            "start": { "line": 5, "column": 28 },
            "end": { "line": 5, "column": 32 }
          }
        ]
      },
      "2": {
        "loc": {
          "start": { "line": 19, "column": 2 },
          "end": { "line": 25, "column": 3 }
        },
        "type": "if",
        "locations": [
          {
            "start": { "line": 19, "column": 2 },
            "end": { "line": 25, "column": 3 }
          }
        ]
      },
      "3": {
        "loc": {
          "start": { "line": 21, "column": 6 },
          "end": { "line": 23, "column": 61 }
        },
        "type": "cond-expr",
        "locations": [
          {
            "start": { "line": 22, "column": 10 },
            "end": { "line": 22, "column": 22 }
          },
          {
            "start": { "line": 23, "column": 10 },
            "end": { "line": 23, "column": 61 }
          }
        ]
      },
      "4": {
        "loc": {
          "start": { "line": 21, "column": 13 },
          "end": { "line": 21, "column": 26 }
        },
        "type": "cond-expr",
        "locations": [
          {
            "start": { "line": 21, "column": 17 },
            "end": { "line": 21, "column": 19 }
          },
          {
            "start": { "line": 21, "column": 13 },
            "end": { "line": 21, "column": 26 }
          }
        ]
      },
      "5": {
        "loc": {
          "start": { "line": 21, "column": 13 },
          "end": { "line": 21, "column": 19 }
        },
        "type": "binary-expr",
        "locations": [
          {
            "start": { "line": 21, "column": 13 },
            "end": { "line": 21, "column": 19 }
          },
          {
            "start": { "line": 21, "column": 13 },
            "end": { "line": 21, "column": 19 }
          }
        ]
      },
      "6": {
        "loc": {
          "start": { "line": 50, "column": 4 },
          "end": { "line": 50, "column": 39 }
        },
        "type": "switch",
        "locations": [
          {
            "start": { "line": 50, "column": 4 },
            "end": { "line": 50, "column": 39 }
          },
          {
            "start": { "line": 75, "column": 4 },
            "end": { "line": 75, "column": 40 }
          }
        ]
      },
      "7": {
        "loc": {
          "start": { "line": 52, "column": 23 },
          "end": { "line": 52, "column": 41 }
        },
        "type": "binary-expr",
        "locations": [
          {
            "start": { "line": 52, "column": 23 },
            "end": { "line": 52, "column": 35 }
          },
          {
            "start": { "line": 52, "column": 39 },
            "end": { "line": 52, "column": 41 }
          }
        ]
      },
      "8": {
        "loc": {
          "start": { "line": 52, "column": 23 },
          "end": { "line": 52, "column": 35 }
        },
        "type": "cond-expr",
        "locations": [
          {
            "start": { "line": 52, "column": 26 },
            "end": { "line": 52, "column": 28 }
          },
          {
            "start": { "line": 52, "column": 23 },
            "end": { "line": 52, "column": 35 }
          }
        ]
      },
      "9": {
        "loc": {
          "start": { "line": 52, "column": 23 },
          "end": { "line": 52, "column": 28 }
        },
        "type": "binary-expr",
        "locations": [
          {
            "start": { "line": 52, "column": 23 },
            "end": { "line": 52, "column": 28 }
          },
          {
            "start": { "line": 52, "column": 23 },
            "end": { "line": 52, "column": 28 }
          }
        ]
      },
      "10": {
        "loc": {
          "start": { "line": 54, "column": 6 },
          "end": { "line": 56, "column": 46 }
        },
        "type": "binary-expr",
        "locations": [
          {
            "start": { "line": 54, "column": 6 },
            "end": { "line": 54, "column": 33 }
          },
          {
            "start": { "line": 55, "column": 6 },
            "end": { "line": 55, "column": 35 }
          },
          {
            "start": { "line": 56, "column": 6 },
            "end": { "line": 56, "column": 46 }
          }
        ]
      },
      "11": {
        "loc": {
          "start": { "line": 58, "column": 4 },
          "end": { "line": 60, "column": 5 }
        },
        "type": "if",
        "locations": [
          {
            "start": { "line": 58, "column": 4 },
            "end": { "line": 60, "column": 5 }
          }
        ]
      },
      "12": {
        "loc": {
          "start": { "line": 58, "column": 8 },
          "end": { "line": 58, "column": 37 }
        },
        "type": "binary-expr",
        "locations": [
          {
            "start": { "line": 58, "column": 8 },
            "end": { "line": 58, "column": 22 }
          },
          {
            "start": { "line": 58, "column": 26 },
            "end": { "line": 58, "column": 37 }
          }
        ]
      },
      "13": {
        "loc": {
          "start": { "line": 64, "column": 19 },
          "end": { "line": 66, "column": 31 }
        },
        "type": "cond-expr",
        "locations": [
          {
            "start": { "line": 65, "column": 8 },
            "end": { "line": 65, "column": 51 }
          },
          {
            "start": { "line": 66, "column": 8 },
            "end": { "line": 66, "column": 31 }
          }
        ]
      },
      "14": {
        "loc": {
          "start": { "line": 71, "column": 12 },
          "end": { "line": 71, "column": 33 }
        },
        "type": "binary-expr",
        "locations": [
          {
            "start": { "line": 71, "column": 12 },
            "end": { "line": 71, "column": 27 }
          },
          {
            "start": { "line": 71, "column": 31 },
            "end": { "line": 71, "column": 33 }
          }
        ]
      },
      "15": {
        "loc": {
          "start": { "line": 101, "column": 2 },
          "end": { "line": 101, "column": 57 }
        },
        "type": "if",
        "locations": [
          {
            "start": { "line": 101, "column": 2 },
            "end": { "line": 101, "column": 57 }
          }
        ]
      },
      "16": {
        "loc": {
          "start": { "line": 143, "column": 14 },
          "end": { "line": 143, "column": null }
        },
        "type": "switch",
        "locations": [
          {
            "start": { "line": 143, "column": 14 },
            "end": { "line": 143, "column": null }
          }
        ]
      }
    },
    "s": {
      "0": 0,
      "1": 0,
      "2": 0,
      "3": 0,
      "4": 0,
      "5": 0,
      "6": 0,
      "7": 0,
      "8": 0,
      "9": 0,
      "10": 0,
      "11": 0,
      "12": 0,
      "13": 0,
      "14": 0,
      "15": 0,
      "16": 0,
      "17": 0,
      "18": 0,
      "19": 0,
      "20": 0,
      "21": 0,
      "22": 0,
      "23": 0,
      "24": 0,
      "25": 0,
      "26": 0,
      "27": 0,
      "28": 0,
      "29": 0,
      "30": 0,
      "31": 0,
      "32": 0,
      "33": 0,
      "34": 0,
      "35": 0,
      "36": 0,
      "37": 0,
      "38": 0,
      "39": 0,
      "40": 0,
      "41": 0,
      "42": 0,
      "43": 0,
      "44": 0,
      "45": 0,
      "46": 0,
      "47": 0,
      "48": 0,
      "49": 0,
      "50": 0,
      "51": 0,
      "52": 0,
      "53": 0,
      "54": 0,
      "55": 0,
      "56": 0,
      "57": 0,
      "58": 0,
      "59": 0,
      "60": 0,
      "61": 0,
      "62": 0,
      "63": 0,
      "64": 0,
      "65": 0,
      "66": 0,
      "67": 0,
      "68": 0,
      "69": 0,
      "70": 0,
      "71": 0,
      "72": 0,
      "73": 0,
      "74": 0,
      "75": 0,
      "76": 0,
      "77": 0,
      "78": 0,
      "79": 0,
      "80": 0,
      "81": 0
    },
    "f": {
      "0": 0,
      "1": 0,
      "2": 0,
      "3": 0,
      "4": 0,
      "5": 0,
      "6": 0,
      "7": 0,
      "8": 0,
      "9": 0,
      "10": 0,
      "11": 0,
      "12": 0,
      "13": 0,
      "14": 0,
      "15": 0,
      "16": 0,
      "17": 0,
      "18": 0,
      "19": 0,
      "20": 0,
      "21": 0,
      "22": 0
    },
    "b": {
      "0": [0, 0],
      "1": [0, 0],
      "2": [0],
      "3": [0, 0],
      "4": [0, 0],
      "5": [0, 0],
      "6": [0, 0],
      "7": [0, 0],
      "8": [0, 0],
      "9": [0, 0],
      "10": [0, 0, 0],
      "11": [0],
      "12": [0, 0],
      "13": [0, 0],
      "14": [0, 0],
      "15": [0],
      "16": [0]
    }
  },
  "C:\\Users\\MaxikFunnyCat\\Desktop\\stellar-burgers\\src\\utils\\cookie.ts": {
    "path": "C:\\Users\\MaxikFunnyCat\\Desktop\\stellar-burgers\\src\\utils\\cookie.ts",
    "statementMap": {
      "0": {
        "start": { "line": 2, "column": 18 },
        "end": { "line": 8, "column": null }
      },
      "1": {
        "start": { "line": 10, "column": 2 },
        "end": { "line": 10, "column": 62 }
      },
      "2": {
        "start": { "line": 1, "column": 0 },
        "end": { "line": 1, "column": 16 }
      },
      "3": {
        "start": { "line": 16, "column": 2 },
        "end": { "line": 16, "column": null }
      },
      "4": {
        "start": { "line": 18, "column": 2 },
        "end": { "line": 21, "column": 4 }
      },
      "5": {
        "start": { "line": 23, "column": 12 },
        "end": { "line": 23, "column": 25 }
      },
      "6": {
        "start": { "line": 24, "column": 2 },
        "end": { "line": 28, "column": 3 }
      },
      "7": {
        "start": { "line": 25, "column": 14 },
        "end": { "line": 25, "column": 24 }
      },
      "8": {
        "start": { "line": 26, "column": 4 },
        "end": { "line": 26, "column": 40 }
      },
      "9": {
        "start": { "line": 27, "column": 4 },
        "end": { "line": 27, "column": 28 }
      },
      "10": {
        "start": { "line": 30, "column": 2 },
        "end": { "line": 32, "column": 3 }
      },
      "11": {
        "start": { "line": 31, "column": 4 },
        "end": { "line": 31, "column": 38 }
      },
      "12": {
        "start": { "line": 33, "column": 2 },
        "end": { "line": 33, "column": 36 }
      },
      "13": {
        "start": { "line": 34, "column": 22 },
        "end": { "line": 34, "column": 40 }
      },
      "14": {
        "start": { "line": 35, "column": 2 },
        "end": { "line": 41, "column": 3 }
      },
      "15": {
        "start": { "line": 36, "column": 4 },
        "end": { "line": 36, "column": 37 }
      },
      "16": {
        "start": { "line": 37, "column": 22 },
        "end": { "line": 37, "column": 37 }
      },
      "17": {
        "start": { "line": 38, "column": 4 },
        "end": { "line": 40, "column": 5 }
      },
      "18": {
        "start": { "line": 39, "column": 6 },
        "end": { "line": 39, "column": 39 }
      },
      "19": {
        "start": { "line": 42, "column": 2 },
        "end": { "line": 42, "column": 34 }
      },
      "20": {
        "start": { "line": 13, "column": 0 },
        "end": { "line": 13, "column": 16 }
      },
      "21": {
        "start": { "line": 46, "column": 2 },
        "end": { "line": 46, "column": 39 }
      },
      "22": {
        "start": { "line": 45, "column": 0 },
        "end": { "line": 45, "column": 16 }
      }
    },
    "fnMap": {
      "0": {
        "name": "getCookie",
        "decl": {
          "start": { "line": 1, "column": 16 },
          "end": { "line": 1, "column": 25 }
        },
        "loc": {
          "start": { "line": 1, "column": 38 },
          "end": { "line": 11, "column": 1 }
        }
      },
      "1": {
        "name": "setCookie",
        "decl": {
          "start": { "line": 13, "column": 16 },
          "end": { "line": 13, "column": 25 }
        },
        "loc": {
          "start": { "line": 16, "column": 65 },
          "end": { "line": 43, "column": 1 }
        }
      },
      "2": {
        "name": "deleteCookie",
        "decl": {
          "start": { "line": 45, "column": 16 },
          "end": { "line": 45, "column": 28 }
        },
        "loc": {
          "start": { "line": 45, "column": 41 },
          "end": { "line": 47, "column": 1 }
        }
      }
    },
    "branchMap": {
      "0": {
        "loc": {
          "start": { "line": 10, "column": 9 },
          "end": { "line": 10, "column": 61 }
        },
        "type": "cond-expr",
        "locations": [
          {
            "start": { "line": 10, "column": 19 },
            "end": { "line": 10, "column": 49 }
          },
          {
            "start": { "line": 10, "column": 52 },
            "end": { "line": 10, "column": 61 }
          }
        ]
      },
      "1": {
        "loc": {
          "start": { "line": 16, "column": 2 },
          "end": { "line": 16, "column": null }
        },
        "type": "if",
        "locations": [
          {
            "start": { "line": 16, "column": 2 },
            "end": { "line": 16, "column": null }
          }
        ]
      },
      "2": {
        "loc": {
          "start": { "line": 24, "column": 2 },
          "end": { "line": 28, "column": 3 }
        },
        "type": "if",
        "locations": [
          {
            "start": { "line": 24, "column": 2 },
            "end": { "line": 28, "column": 3 }
          }
        ]
      },
      "3": {
        "loc": {
          "start": { "line": 24, "column": 6 },
          "end": { "line": 24, "column": 36 }
        },
        "type": "binary-expr",
        "locations": [
          {
            "start": { "line": 24, "column": 6 },
            "end": { "line": 24, "column": 9 }
          },
          {
            "start": { "line": 24, "column": 13 },
            "end": { "line": 24, "column": 36 }
          }
        ]
      },
      "4": {
        "loc": {
          "start": { "line": 30, "column": 2 },
          "end": { "line": 32, "column": 3 }
        },
        "type": "if",
        "locations": [
          {
            "start": { "line": 30, "column": 2 },
            "end": { "line": 32, "column": 3 }
          }
        ]
      },
      "5": {
        "loc": {
          "start": { "line": 30, "column": 6 },
          "end": { "line": 30, "column": 32 }
        },
        "type": "binary-expr",
        "locations": [
          {
            "start": { "line": 30, "column": 6 },
            "end": { "line": 30, "column": 9 }
          },
          {
            "start": { "line": 30, "column": 13 },
            "end": { "line": 30, "column": 32 }
          }
        ]
      },
      "6": {
        "loc": {
          "start": { "line": 38, "column": 4 },
          "end": { "line": 40, "column": 5 }
        },
        "type": "if",
        "locations": [
          {
            "start": { "line": 38, "column": 4 },
            "end": { "line": 40, "column": 5 }
          }
        ]
      }
    },
    "s": {
      "0": 0,
      "1": 0,
      "2": 0,
      "3": 0,
      "4": 0,
      "5": 0,
      "6": 0,
      "7": 0,
      "8": 0,
      "9": 0,
      "10": 0,
      "11": 0,
      "12": 0,
      "13": 0,
      "14": 0,
      "15": 0,
      "16": 0,
      "17": 0,
      "18": 0,
      "19": 0,
      "20": 0,
      "21": 0,
      "22": 0
    },
    "f": { "0": 0, "1": 0, "2": 0 },
    "b": {
      "0": [0, 0],
      "1": [0],
      "2": [0],
      "3": [0, 0],
      "4": [0],
      "5": [0, 0],
      "6": [0]
    }
  }
}
