TN:
SF:src\services\slices\constructorSlice.ts
FN:20,(anonymous_2)
FN:25,(anonymous_3)
FN:28,(anonymous_4)
FN:33,(anonymous_5)
FN:35,(anonymous_6)
FN:39,(anonymous_7)
FN:56,(anonymous_8)
FNF:7
FNH:7
FNDA:2,(anonymous_2)
FNDA:7,(anonymous_3)
FNDA:7,(anonymous_4)
FNDA:1,(anonymous_5)
FNDA:1,(anonymous_6)
FNDA:3,(anonymous_7)
FNDA:1,(anonymous_8)
DA:1,1
DA:11,1
DA:16,1
DA:21,2
DA:26,7
DA:29,7
DA:34,1
DA:35,1
DA:43,3
DA:44,3
DA:50,2
DA:52,1
DA:53,1
DA:57,1
DA:58,1
DA:64,1
DA:71,1
LF:17
LH:17
BRDA:44,0,0,2
BRDA:45,1,0,3
BRDA:45,1,1,2
BRDA:45,1,2,2
BRDA:45,1,3,2
BRF:5
BRH:5
end_of_record
TN:
SF:src\services\slices\feedSlice.ts
FN:24,(anonymous_13)
FN:39,(anonymous_16)
FN:41,(anonymous_17)
FN:44,(anonymous_18)
FN:53,(anonymous_19)
FNF:5
FNH:5
FNDA:2,(anonymous_13)
FNDA:1,(anonymous_16)
FNDA:3,(anonymous_17)
FNDA:3,(anonymous_18)
FNDA:3,(anonymous_19)
DA:1,1
DA:2,1
DA:15,1
DA:22,1
DA:24,2
DA:26,2
DA:27,1
DA:29,1
DA:30,1
DA:35,1
DA:40,1
DA:42,3
DA:45,3
DA:46,3
DA:47,3
DA:54,3
DA:55,3
DA:61,1
LF:18
LH:18
BRDA:30,0,0,1
BRDA:30,0,1,0
BRDA:46,1,0,3
BRDA:46,1,1,1
BRDA:56,2,0,3
BRDA:56,2,1,1
BRF:6
BRH:5
end_of_record
TN:
SF:src\services\slices\ingredientsSlice.ts
FN:26,(anonymous_0)
FN:28,(anonymous_1)
FN:32,(anonymous_2)
FN:36,(anonymous_3)
FNF:4
FNH:4
FNDA:1,(anonymous_0)
FNDA:3,(anonymous_1)
FNDA:2,(anonymous_2)
FNDA:3,(anonymous_3)
DA:1,1
DA:2,1
DA:5,1
DA:16,1
DA:22,1
DA:27,1
DA:29,3
DA:30,3
DA:33,2
DA:34,2
DA:37,3
DA:38,3
DA:45,1
LF:13
LH:13
BRDA:39,0,0,3
BRDA:39,0,1,1
BRF:2
BRH:2
end_of_record
TN:
SF:src\services\slices\orderSlice.ts
FN:10,(anonymous_13)
FN:10,(anonymous_14)
FN:18,(anonymous_16)
FN:57,(anonymous_19)
FN:63,(anonymous_20)
FN:65,(anonymous_21)
FN:69,(anonymous_22)
FN:74,(anonymous_23)
FN:80,(anonymous_24)
FN:86,(anonymous_25)
FN:91,(anonymous_26)
FNF:11
FNH:11
FNDA:2,(anonymous_13)
FNDA:2,(anonymous_14)
FNDA:2,(anonymous_16)
FNDA:1,(anonymous_19)
FNDA:1,(anonymous_20)
FNDA:3,(anonymous_21)
FNDA:3,(anonymous_22)
FNDA:3,(anonymous_23)
FNDA:3,(anonymous_24)
FNDA:2,(anonymous_25)
FNDA:2,(anonymous_26)
DA:1,1
DA:2,1
DA:3,1
DA:6,1
DA:8,1
DA:10,2
DA:11,2
DA:12,1
DA:16,1
DA:18,2
DA:20,2
DA:30,1
DA:32,1
DA:45,1
DA:53,1
DA:58,1
DA:59,1
DA:60,1
DA:64,1
DA:66,3
DA:67,3
DA:70,3
DA:71,3
DA:72,3
DA:75,3
DA:76,3
DA:77,3
DA:81,3
DA:82,3
DA:87,2
DA:88,2
DA:92,2
DA:93,2
DA:98,1
DA:99,1
LF:35
LH:35
BRDA:11,0,0,2
BRDA:32,1,0,1
BRDA:32,1,1,0
BRF:3
BRH:2
end_of_record
TN:
SF:src\services\slices\userSlice.ts
FN:27,(anonymous_13)
FN:35,(anonymous_14)
FN:45,(anonymous_15)
FN:72,(anonymous_18)
FN:88,(anonymous_21)
FN:102,(anonymous_24)
FN:116,(anonymous_27)
FN:125,(anonymous_30)
FN:138,(anonymous_33)
FN:150,(anonymous_36)
FN:162,(anonymous_39)
FN:166,(anonymous_40)
FN:168,(anonymous_41)
FN:171,(anonymous_42)
FN:175,(anonymous_43)
FN:178,(anonymous_44)
FN:183,(anonymous_45)
FN:196,(anonymous_46)
FN:201,(anonymous_47)
FN:205,(anonymous_48)
FN:210,(anonymous_49)
FN:214,(anonymous_50)
FN:218,(anonymous_51)
FN:222,(anonymous_52)
FNF:24
FNH:24
FNDA:5,(anonymous_13)
FNDA:3,(anonymous_14)
FNDA:4,(anonymous_15)
FNDA:3,(anonymous_18)
FNDA:2,(anonymous_21)
FNDA:1,(anonymous_24)
FNDA:1,(anonymous_27)
FNDA:4,(anonymous_30)
FNDA:2,(anonymous_33)
FNDA:2,(anonymous_36)
FNDA:1,(anonymous_39)
FNDA:2,(anonymous_40)
FNDA:2,(anonymous_41)
FNDA:1,(anonymous_42)
FNDA:4,(anonymous_43)
FNDA:2,(anonymous_44)
FNDA:3,(anonymous_45)
FNDA:2,(anonymous_46)
FNDA:2,(anonymous_47)
FNDA:2,(anonymous_48)
FNDA:1,(anonymous_49)
FNDA:1,(anonymous_50)
FNDA:1,(anonymous_51)
FNDA:2,(anonymous_52)
DA:1,2
DA:2,2
DA:20,2
DA:27,2
DA:28,5
DA:31,5
DA:32,5
DA:35,2
DA:36,3
DA:37,3
DA:41,2
DA:45,4
DA:47,4
DA:48,1
DA:50,3
DA:51,3
DA:52,1
DA:55,2
DA:56,1
DA:57,1
DA:59,1
DA:60,1
DA:62,1
DA:63,1
DA:68,2
DA:72,3
DA:74,3
DA:75,2
DA:76,2
DA:77,2
DA:78,2
DA:80,1
DA:84,2
DA:88,2
DA:90,2
DA:91,2
DA:92,2
DA:93,2
DA:94,2
DA:96,0
DA:100,2
DA:102,1
DA:104,1
DA:105,1
DA:107,0
DA:112,2
DA:116,1
DA:118,1
DA:119,1
DA:121,0
DA:125,2
DA:127,4
DA:129,2
DA:134,2
DA:138,2
DA:140,4
DA:142,1
DA:146,2
DA:150,2
DA:152,4
DA:154,1
DA:158,2
DA:163,1
DA:167,2
DA:169,2
DA:172,1
DA:176,4
DA:179,2
DA:180,2
DA:181,2
DA:184,3
DA:185,3
DA:187,3
DA:189,3
DA:190,1
DA:192,2
DA:197,2
DA:198,2
DA:199,2
DA:202,2
DA:206,2
DA:207,2
DA:208,2
DA:211,1
DA:215,1
DA:216,1
DA:219,1
DA:223,2
DA:224,2
DA:229,2
DA:230,2
LF:91
LH:88
BRDA:28,0,0,3
BRDA:28,0,1,2
BRDA:51,1,0,1
BRDA:63,2,0,1
BRDA:63,2,1,0
BRDA:63,3,0,0
BRDA:63,3,1,1
BRDA:63,4,0,1
BRDA:63,4,1,1
BRDA:75,5,0,2
BRDA:75,6,0,0
BRDA:75,6,1,2
BRDA:75,7,0,2
BRDA:75,7,1,2
BRDA:76,8,0,2
BRDA:76,9,0,0
BRDA:76,9,1,2
BRDA:76,10,0,2
BRDA:76,10,1,2
BRDA:80,11,0,1
BRDA:80,11,1,0
BRDA:80,12,0,0
BRDA:80,12,1,1
BRDA:80,13,0,1
BRDA:80,13,1,1
BRDA:91,14,0,2
BRDA:91,15,0,0
BRDA:91,15,1,2
BRDA:91,16,0,2
BRDA:91,16,1,2
BRDA:92,17,0,2
BRDA:92,18,0,0
BRDA:92,18,1,2
BRDA:92,19,0,2
BRDA:92,19,1,2
BRDA:96,20,0,0
BRDA:96,20,1,0
BRDA:96,21,0,0
BRDA:96,21,1,0
BRDA:96,22,0,0
BRDA:96,22,1,0
BRDA:107,23,0,0
BRDA:107,23,1,0
BRDA:107,24,0,0
BRDA:107,24,1,0
BRDA:107,25,0,0
BRDA:107,25,1,0
BRDA:121,26,0,0
BRDA:121,26,1,0
BRDA:121,27,0,0
BRDA:121,27,1,0
BRDA:121,28,0,0
BRDA:121,28,1,0
BRDA:142,29,0,1
BRDA:142,29,1,0
BRDA:142,30,0,0
BRDA:142,30,1,1
BRDA:142,31,0,1
BRDA:142,31,1,1
BRDA:154,32,0,1
BRDA:154,32,1,0
BRDA:154,33,0,0
BRDA:154,33,1,1
BRDA:154,34,0,1
BRDA:154,34,1,1
BRDA:189,35,0,1
BRDA:189,35,1,2
BRDA:192,36,0,2
BRDA:192,36,1,1
BRF:69
BRH:39
end_of_record
